Started GET "/users" for 10.0.2.2 at 2020-03-06 04:34:11 +0000
  [1m[35m (1.9ms)[0m  [1m[34mSELECT "schema_migrations"."version" FROM "schema_migrations" ORDER BY "schema_migrations"."version" ASC[0m
  ↳ /var/lib/gems/2.5.0/gems/activerecord-5.2.4/lib/active_record/log_subscriber.rb:98
Processing by UsersController#index as HTML
  [1m[36mUser Load (1.7ms)[0m  [1m[34mSELECT  "users".* FROM "users" WHERE "users"."id" = ? ORDER BY "users"."id" ASC LIMIT ?[0m  [["id", 2], ["LIMIT", 1]]
  ↳ /var/lib/gems/2.5.0/gems/activerecord-5.2.4/lib/active_record/log_subscriber.rb:98
  Rendering users/index.html.erb within layouts/application
  [1m[35m (1.4ms)[0m  [1m[34mSELECT COUNT(*) FROM "users" INNER JOIN "relationships" ON "users"."id" = "relationships"."following_id" WHERE "relationships"."follower_id" = ?[0m  [["follower_id", 2]]
  ↳ app/views/users/_profile.html.erb:16
  [1m[35m (1.7ms)[0m  [1m[34mSELECT COUNT(*) FROM "users" INNER JOIN "relationships" ON "users"."id" = "relationships"."follower_id" WHERE "relationships"."following_id" = ?[0m  [["following_id", 2]]
  ↳ app/views/users/_profile.html.erb:23
  Rendered users/_follow_form.html.erb (0.4ms)
  Rendered users/_profile.html.erb (29.9ms)
  Rendered books/_newform.html.erb (29.9ms)
  [1m[36mUser Load (0.6ms)[0m  [1m[34mSELECT "users".* FROM "users"[0m
  ↳ app/views/users/index.html.erb:24
  [1m[35m (1.3ms)[0m  [1m[34mSELECT COUNT(*) FROM "users" INNER JOIN "relationships" ON "users"."id" = "relationships"."following_id" WHERE "relationships"."follower_id" = ?[0m  [["follower_id", 1]]
  ↳ app/views/users/index.html.erb:28
  [1m[35m (0.2ms)[0m  [1m[34mSELECT COUNT(*) FROM "users" INNER JOIN "relationships" ON "users"."id" = "relationships"."follower_id" WHERE "relationships"."following_id" = ?[0m  [["following_id", 1]]
  ↳ app/views/users/index.html.erb:29
  Rendered users/_follow_form.html.erb (0.1ms)
  [1m[35mCACHE  (0.0ms)[0m  [1m[34mSELECT COUNT(*) FROM "users" INNER JOIN "relationships" ON "users"."id" = "relationships"."following_id" WHERE "relationships"."follower_id" = ?[0m  [["follower_id", 2]]
  ↳ app/views/users/index.html.erb:28
  [1m[35mCACHE  (0.0ms)[0m  [1m[34mSELECT COUNT(*) FROM "users" INNER JOIN "relationships" ON "users"."id" = "relationships"."follower_id" WHERE "relationships"."following_id" = ?[0m  [["following_id", 2]]
  ↳ app/views/users/index.html.erb:29
  Rendered users/_follow_form.html.erb (0.1ms)
  Rendered users/index.html.erb within layouts/application (103.6ms)
Completed 200 OK in 1318ms (Views: 1254.0ms | ActiveRecord: 10.6ms)


Started GET "/books" for 10.0.2.2 at 2020-03-06 04:34:24 +0000
Processing by BooksController#index as HTML
  [1m[36mUser Load (1.5ms)[0m  [1m[34mSELECT  "users".* FROM "users" WHERE "users"."id" = ? ORDER BY "users"."id" ASC LIMIT ?[0m  [["id", 2], ["LIMIT", 1]]
  ↳ /var/lib/gems/2.5.0/gems/activerecord-5.2.4/lib/active_record/log_subscriber.rb:98
  Rendering books/index.html.erb within layouts/application
  [1m[35m (0.6ms)[0m  [1m[34mSELECT COUNT(*) FROM "users" INNER JOIN "relationships" ON "users"."id" = "relationships"."following_id" WHERE "relationships"."follower_id" = ?[0m  [["follower_id", 2]]
  ↳ app/views/users/_profile.html.erb:16
  [1m[35m (0.3ms)[0m  [1m[34mSELECT COUNT(*) FROM "users" INNER JOIN "relationships" ON "users"."id" = "relationships"."follower_id" WHERE "relationships"."following_id" = ?[0m  [["following_id", 2]]
  ↳ app/views/users/_profile.html.erb:23
  Rendered users/_follow_form.html.erb (0.6ms)
  Rendered users/_profile.html.erb (13.3ms)
  Rendered books/_newform.html.erb (2.7ms)
  [1m[36mBook Load (1.1ms)[0m  [1m[34mSELECT "books".* FROM "books"[0m
  ↳ app/views/books/index.html.erb:27
  [1m[36mUser Load (0.9ms)[0m  [1m[34mSELECT  "users".* FROM "users" WHERE "users"."id" = ? LIMIT ?[0m  [["id", 1], ["LIMIT", 1]]
  ↳ app/views/books/index.html.erb:30
  [1m[36mFavorite Exists (1.3ms)[0m  [1m[34mSELECT  1 AS one FROM "favorites" WHERE "favorites"."book_id" = ? AND "favorites"."user_id" = ? LIMIT ?[0m  [["book_id", 1], ["user_id", 2], ["LIMIT", 1]]
  ↳ app/models/book.rb:11
  [1m[35m (0.7ms)[0m  [1m[34mSELECT COUNT(*) FROM "favorites" WHERE "favorites"."book_id" = ?[0m  [["book_id", 1]]
  ↳ app/views/books/index.html.erb:50
  [1m[35m (0.4ms)[0m  [1m[34mSELECT COUNT(*) FROM "post_comments" WHERE "post_comments"."book_id" = ?[0m  [["book_id", 1]]
  ↳ app/views/books/index.html.erb:55
  [1m[36mUser Load (0.2ms)[0m  [1m[34mSELECT  "users".* FROM "users" WHERE "users"."id" = ? LIMIT ?[0m  [["id", 2], ["LIMIT", 1]]
  ↳ app/views/books/index.html.erb:30
  [1m[36mFavorite Exists (0.5ms)[0m  [1m[34mSELECT  1 AS one FROM "favorites" WHERE "favorites"."book_id" = ? AND "favorites"."user_id" = ? LIMIT ?[0m  [["book_id", 2], ["user_id", 2], ["LIMIT", 1]]
  ↳ app/models/book.rb:11
  [1m[35m (0.3ms)[0m  [1m[34mSELECT COUNT(*) FROM "favorites" WHERE "favorites"."book_id" = ?[0m  [["book_id", 2]]
  ↳ app/views/books/index.html.erb:50
  [1m[35m (0.5ms)[0m  [1m[34mSELECT COUNT(*) FROM "post_comments" WHERE "post_comments"."book_id" = ?[0m  [["book_id", 2]]
  ↳ app/views/books/index.html.erb:55
  [1m[36mCACHE User Load (0.0ms)[0m  [1m[34mSELECT  "users".* FROM "users" WHERE "users"."id" = ? LIMIT ?[0m  [["id", 2], ["LIMIT", 1]]
  ↳ app/views/books/index.html.erb:30
  [1m[36mFavorite Exists (0.5ms)[0m  [1m[34mSELECT  1 AS one FROM "favorites" WHERE "favorites"."book_id" = ? AND "favorites"."user_id" = ? LIMIT ?[0m  [["book_id", 3], ["user_id", 2], ["LIMIT", 1]]
  ↳ app/models/book.rb:11
  [1m[35m (0.3ms)[0m  [1m[34mSELECT COUNT(*) FROM "favorites" WHERE "favorites"."book_id" = ?[0m  [["book_id", 3]]
  ↳ app/views/books/index.html.erb:50
  [1m[35m (1.4ms)[0m  [1m[34mSELECT COUNT(*) FROM "post_comments" WHERE "post_comments"."book_id" = ?[0m  [["book_id", 3]]
  ↳ app/views/books/index.html.erb:55
  Rendered books/index.html.erb within layouts/application (81.1ms)
Completed 200 OK in 229ms (Views: 210.1ms | ActiveRecord: 12.0ms)


Started GET "/books" for 10.0.2.2 at 2020-03-06 04:35:54 +0000
Processing by BooksController#index as HTML
  [1m[36mUser Load (0.7ms)[0m  [1m[34mSELECT  "users".* FROM "users" WHERE "users"."id" = ? ORDER BY "users"."id" ASC LIMIT ?[0m  [["id", 2], ["LIMIT", 1]]
  ↳ /var/lib/gems/2.5.0/gems/activerecord-5.2.4/lib/active_record/log_subscriber.rb:98
  Rendering books/index.html.erb within layouts/application
  [1m[35m (0.8ms)[0m  [1m[34mSELECT COUNT(*) FROM "users" INNER JOIN "relationships" ON "users"."id" = "relationships"."following_id" WHERE "relationships"."follower_id" = ?[0m  [["follower_id", 2]]
  ↳ app/views/users/_profile.html.erb:16
  [1m[35m (0.7ms)[0m  [1m[34mSELECT COUNT(*) FROM "users" INNER JOIN "relationships" ON "users"."id" = "relationships"."follower_id" WHERE "relationships"."following_id" = ?[0m  [["following_id", 2]]
  ↳ app/views/users/_profile.html.erb:23
  Rendered users/_follow_form.html.erb (0.5ms)
  Rendered users/_profile.html.erb (33.9ms)
  Rendered books/_newform.html.erb (8.9ms)
  [1m[36mBook Load (0.7ms)[0m  [1m[34mSELECT "books".* FROM "books"[0m
  ↳ app/views/books/index.html.erb:27
  [1m[36mUser Load (0.6ms)[0m  [1m[34mSELECT  "users".* FROM "users" WHERE "users"."id" = ? LIMIT ?[0m  [["id", 1], ["LIMIT", 1]]
  ↳ app/views/books/index.html.erb:30
  [1m[36mFavorite Exists (1.0ms)[0m  [1m[34mSELECT  1 AS one FROM "favorites" WHERE "favorites"."book_id" = ? AND "favorites"."user_id" = ? LIMIT ?[0m  [["book_id", 1], ["user_id", 2], ["LIMIT", 1]]
  ↳ app/models/book.rb:11
  [1m[35m (1.1ms)[0m  [1m[34mSELECT COUNT(*) FROM "favorites" WHERE "favorites"."book_id" = ?[0m  [["book_id", 1]]
  ↳ app/views/books/index.html.erb:50
  [1m[35m (0.7ms)[0m  [1m[34mSELECT COUNT(*) FROM "post_comments" WHERE "post_comments"."book_id" = ?[0m  [["book_id", 1]]
  ↳ app/views/books/index.html.erb:55
  [1m[36mUser Load (0.5ms)[0m  [1m[34mSELECT  "users".* FROM "users" WHERE "users"."id" = ? LIMIT ?[0m  [["id", 2], ["LIMIT", 1]]
  ↳ app/views/books/index.html.erb:30
  [1m[36mFavorite Exists (0.9ms)[0m  [1m[34mSELECT  1 AS one FROM "favorites" WHERE "favorites"."book_id" = ? AND "favorites"."user_id" = ? LIMIT ?[0m  [["book_id", 2], ["user_id", 2], ["LIMIT", 1]]
  ↳ app/models/book.rb:11
  [1m[35m (1.0ms)[0m  [1m[34mSELECT COUNT(*) FROM "favorites" WHERE "favorites"."book_id" = ?[0m  [["book_id", 2]]
  ↳ app/views/books/index.html.erb:50
  [1m[35m (0.5ms)[0m  [1m[34mSELECT COUNT(*) FROM "post_comments" WHERE "post_comments"."book_id" = ?[0m  [["book_id", 2]]
  ↳ app/views/books/index.html.erb:55
  [1m[36mCACHE User Load (0.0ms)[0m  [1m[34mSELECT  "users".* FROM "users" WHERE "users"."id" = ? LIMIT ?[0m  [["id", 2], ["LIMIT", 1]]
  ↳ app/views/books/index.html.erb:30
  [1m[36mFavorite Exists (7.3ms)[0m  [1m[34mSELECT  1 AS one FROM "favorites" WHERE "favorites"."book_id" = ? AND "favorites"."user_id" = ? LIMIT ?[0m  [["book_id", 3], ["user_id", 2], ["LIMIT", 1]]
  ↳ app/models/book.rb:11
  [1m[35m (1.0ms)[0m  [1m[34mSELECT COUNT(*) FROM "favorites" WHERE "favorites"."book_id" = ?[0m  [["book_id", 3]]
  ↳ app/views/books/index.html.erb:50
  [1m[35m (0.6ms)[0m  [1m[34mSELECT COUNT(*) FROM "post_comments" WHERE "post_comments"."book_id" = ?[0m  [["book_id", 3]]
  ↳ app/views/books/index.html.erb:55
  Rendered books/index.html.erb within layouts/application (122.6ms)
Completed 200 OK in 337ms (Views: 305.3ms | ActiveRecord: 18.1ms)


Started GET "/books/1" for 10.0.2.2 at 2020-03-06 04:35:55 +0000
Processing by BooksController#show as HTML
  Parameters: {"id"=>"1"}
  [1m[36mUser Load (1.4ms)[0m  [1m[34mSELECT  "users".* FROM "users" WHERE "users"."id" = ? ORDER BY "users"."id" ASC LIMIT ?[0m  [["id", 2], ["LIMIT", 1]]
  ↳ /var/lib/gems/2.5.0/gems/activerecord-5.2.4/lib/active_record/log_subscriber.rb:98
  [1m[36mBook Load (3.4ms)[0m  [1m[34mSELECT  "books".* FROM "books" WHERE "books"."id" = ? LIMIT ?[0m  [["id", 1], ["LIMIT", 1]]
  ↳ app/controllers/books_controller.rb:4
  [1m[36mUser Load (2.3ms)[0m  [1m[34mSELECT  "users".* FROM "users" WHERE "users"."id" = ? LIMIT ?[0m  [["id", 1], ["LIMIT", 1]]
  ↳ app/controllers/books_controller.rb:6
  Rendering books/show.html.erb within layouts/application
  [1m[35m (0.5ms)[0m  [1m[34mSELECT COUNT(*) FROM "users" INNER JOIN "relationships" ON "users"."id" = "relationships"."following_id" WHERE "relationships"."follower_id" = ?[0m  [["follower_id", 1]]
  ↳ app/views/users/_profile.html.erb:16
  [1m[35m (0.4ms)[0m  [1m[34mSELECT COUNT(*) FROM "users" INNER JOIN "relationships" ON "users"."id" = "relationships"."follower_id" WHERE "relationships"."following_id" = ?[0m  [["following_id", 1]]
  ↳ app/views/users/_profile.html.erb:23
  [1m[36mRelationship Load (0.2ms)[0m  [1m[34mSELECT  "relationships".* FROM "relationships" WHERE "relationships"."follower_id" = ? AND "relationships"."following_id" = ? LIMIT ?[0m  [["follower_id", 2], ["following_id", 1], ["LIMIT", 1]]
  ↳ app/models/user.rb:20
  [1m[36mCACHE Relationship Load (0.0ms)[0m  [1m[34mSELECT  "relationships".* FROM "relationships" WHERE "relationships"."follower_id" = ? AND "relationships"."following_id" = ? LIMIT ?[0m  [["follower_id", 2], ["following_id", 1], ["LIMIT", 1]]
  ↳ app/views/users/_unfollow.html.erb:1
  Rendered users/_unfollow.html.erb (2.7ms)
  Rendered users/_follow_form.html.erb (13.3ms)
  Rendered users/_profile.html.erb (23.0ms)
  Rendered books/_newform.html.erb (1.4ms)
  [1m[36mCACHE User Load (0.0ms)[0m  [1m[34mSELECT  "users".* FROM "users" WHERE "users"."id" = ? LIMIT ?[0m  [["id", 1], ["LIMIT", 1]]
  ↳ app/views/books/show.html.erb:17
  [1m[36mFavorite Exists (0.4ms)[0m  [1m[34mSELECT  1 AS one FROM "favorites" WHERE "favorites"."book_id" = ? AND "favorites"."user_id" = ? LIMIT ?[0m  [["book_id", 1], ["user_id", 2], ["LIMIT", 1]]
  ↳ app/models/book.rb:11
  [1m[35m (0.3ms)[0m  [1m[34mSELECT COUNT(*) FROM "favorites" WHERE "favorites"."book_id" = ?[0m  [["book_id", 1]]
  ↳ app/views/books/show.html.erb:39
  [1m[35m (0.3ms)[0m  [1m[34mSELECT COUNT(*) FROM "post_comments" WHERE "post_comments"."book_id" = ?[0m  [["book_id", 1]]
  ↳ app/views/books/show.html.erb:44
  [1m[36mPostComment Load (0.4ms)[0m  [1m[34mSELECT "post_comments".* FROM "post_comments" WHERE "post_comments"."book_id" = ?[0m  [["book_id", 1]]
  ↳ app/views/books/show.html.erb:59
  [1m[36mUser Load (0.5ms)[0m  [1m[34mSELECT  "users".* FROM "users" WHERE "users"."id" = ? LIMIT ?[0m  [["id", 2], ["LIMIT", 1]]
  ↳ app/views/books/show.html.erb:63
  [1m[36mCACHE User Load (0.0ms)[0m  [1m[34mSELECT  "users".* FROM "users" WHERE "users"."id" = ? LIMIT ?[0m  [["id", 2], ["LIMIT", 1]]
  ↳ app/views/books/show.html.erb:63
  [1m[36mCACHE User Load (0.0ms)[0m  [1m[34mSELECT  "users".* FROM "users" WHERE "users"."id" = ? LIMIT ?[0m  [["id", 2], ["LIMIT", 1]]
  ↳ app/views/books/show.html.erb:63
  Rendered books/show.html.erb within layouts/application (58.4ms)
Completed 200 OK in 233ms (Views: 188.6ms | ActiveRecord: 13.0ms)


Started GET "/users/1/following" for 10.0.2.2 at 2020-03-06 04:35:57 +0000
Processing by UsersController#following as HTML
  Parameters: {"id"=>"1"}
  [1m[36mUser Load (3.3ms)[0m  [1m[34mSELECT  "users".* FROM "users" WHERE "users"."id" = ? LIMIT ?[0m  [["id", 1], ["LIMIT", 1]]
  ↳ app/controllers/users_controller.rb:32
  Rendering users/show_follow.html.erb within layouts/application
  [1m[36mUser Load (1.2ms)[0m  [1m[34mSELECT "users".* FROM "users" INNER JOIN "relationships" ON "users"."id" = "relationships"."following_id" WHERE "relationships"."follower_id" = ?[0m  [["follower_id", 1]]
  ↳ app/views/users/show_follow.html.erb:5
  [1m[35m (0.8ms)[0m  [1m[34mSELECT COUNT(*) FROM "users" INNER JOIN "relationships" ON "users"."id" = "relationships"."following_id" WHERE "relationships"."follower_id" = ?[0m  [["follower_id", 2]]
  ↳ app/views/users/show_follow.html.erb:16
  [1m[35m (0.7ms)[0m  [1m[34mSELECT COUNT(*) FROM "users" INNER JOIN "relationships" ON "users"."id" = "relationships"."follower_id" WHERE "relationships"."following_id" = ?[0m  [["following_id", 2]]
  ↳ app/views/users/show_follow.html.erb:17
  Rendered users/show_follow.html.erb within layouts/application (13.8ms)
  [1m[36mUser Load (1.1ms)[0m  [1m[34mSELECT  "users".* FROM "users" WHERE "users"."id" = ? ORDER BY "users"."id" ASC LIMIT ?[0m  [["id", 2], ["LIMIT", 1]]
  ↳ app/views/layouts/application.html.erb:21
Completed 200 OK in 302ms (Views: 290.3ms | ActiveRecord: 7.0ms)


Started GET "/users/1/following" for 10.0.2.2 at 2020-03-06 04:36:44 +0000
Processing by UsersController#following as HTML
  Parameters: {"id"=>"1"}
  [1m[36mUser Load (0.7ms)[0m  [1m[34mSELECT  "users".* FROM "users" WHERE "users"."id" = ? LIMIT ?[0m  [["id", 1], ["LIMIT", 1]]
  ↳ app/controllers/users_controller.rb:32
  Rendering users/show_follow.html.erb within layouts/application
  [1m[36mUser Load (2.5ms)[0m  [1m[34mSELECT "users".* FROM "users" INNER JOIN "relationships" ON "users"."id" = "relationships"."following_id" WHERE "relationships"."follower_id" = ?[0m  [["follower_id", 1]]
  ↳ app/views/users/show_follow.html.erb:5
  [1m[35m (1.4ms)[0m  [1m[34mSELECT COUNT(*) FROM "users" INNER JOIN "relationships" ON "users"."id" = "relationships"."following_id" WHERE "relationships"."follower_id" = ?[0m  [["follower_id", 2]]
  ↳ app/views/users/show_follow.html.erb:17
  [1m[35m (1.0ms)[0m  [1m[34mSELECT COUNT(*) FROM "users" INNER JOIN "relationships" ON "users"."id" = "relationships"."follower_id" WHERE "relationships"."following_id" = ?[0m  [["following_id", 2]]
  ↳ app/views/users/show_follow.html.erb:18
  Rendered users/show_follow.html.erb within layouts/application (20.9ms)
  [1m[36mUser Load (0.5ms)[0m  [1m[34mSELECT  "users".* FROM "users" WHERE "users"."id" = ? ORDER BY "users"."id" ASC LIMIT ?[0m  [["id", 2], ["LIMIT", 1]]
  ↳ app/views/layouts/application.html.erb:21
Completed 200 OK in 177ms (Views: 167.6ms | ActiveRecord: 6.1ms)


Started GET "/users/1/following" for 10.0.2.2 at 2020-03-06 04:37:15 +0000
Processing by UsersController#following as HTML
  Parameters: {"id"=>"1"}
  [1m[36mUser Load (1.4ms)[0m  [1m[34mSELECT  "users".* FROM "users" WHERE "users"."id" = ? LIMIT ?[0m  [["id", 1], ["LIMIT", 1]]
  ↳ app/controllers/users_controller.rb:32
  Rendering users/show_follow.html.erb within layouts/application
  [1m[36mUser Load (1.1ms)[0m  [1m[34mSELECT "users".* FROM "users" INNER JOIN "relationships" ON "users"."id" = "relationships"."following_id" WHERE "relationships"."follower_id" = ?[0m  [["follower_id", 1]]
  ↳ app/views/users/show_follow.html.erb:5
  [1m[35m (1.7ms)[0m  [1m[34mSELECT COUNT(*) FROM "users" INNER JOIN "relationships" ON "users"."id" = "relationships"."following_id" WHERE "relationships"."follower_id" = ?[0m  [["follower_id", 2]]
  ↳ app/views/users/show_follow.html.erb:17
  [1m[35m (0.8ms)[0m  [1m[34mSELECT COUNT(*) FROM "users" INNER JOIN "relationships" ON "users"."id" = "relationships"."follower_id" WHERE "relationships"."following_id" = ?[0m  [["following_id", 2]]
  ↳ app/views/users/show_follow.html.erb:18
  Rendered users/show_follow.html.erb within layouts/application (21.6ms)
  [1m[36mUser Load (3.8ms)[0m  [1m[34mSELECT  "users".* FROM "users" WHERE "users"."id" = ? ORDER BY "users"."id" ASC LIMIT ?[0m  [["id", 2], ["LIMIT", 1]]
  ↳ app/views/layouts/application.html.erb:21
Completed 200 OK in 308ms (Views: 294.4ms | ActiveRecord: 8.8ms)


Started GET "/users/2" for 10.0.2.2 at 2020-03-06 04:37:22 +0000
Processing by UsersController#show as HTML
  Parameters: {"id"=>"2"}
  [1m[36mUser Load (6.3ms)[0m  [1m[34mSELECT  "users".* FROM "users" WHERE "users"."id" = ? ORDER BY "users"."id" ASC LIMIT ?[0m  [["id", 2], ["LIMIT", 1]]
  ↳ /var/lib/gems/2.5.0/gems/activerecord-5.2.4/lib/active_record/log_subscriber.rb:98
  [1m[36mUser Load (2.1ms)[0m  [1m[34mSELECT  "users".* FROM "users" WHERE "users"."id" = ? LIMIT ?[0m  [["id", 2], ["LIMIT", 1]]
  ↳ app/controllers/users_controller.rb:6
  Rendering users/show.html.erb within layouts/application
  [1m[35m (0.6ms)[0m  [1m[34mSELECT COUNT(*) FROM "users" INNER JOIN "relationships" ON "users"."id" = "relationships"."following_id" WHERE "relationships"."follower_id" = ?[0m  [["follower_id", 2]]
  ↳ app/views/users/_profile.html.erb:16
  [1m[35m (0.6ms)[0m  [1m[34mSELECT COUNT(*) FROM "users" INNER JOIN "relationships" ON "users"."id" = "relationships"."follower_id" WHERE "relationships"."following_id" = ?[0m  [["following_id", 2]]
  ↳ app/views/users/_profile.html.erb:23
  Rendered users/_follow_form.html.erb (0.4ms)
  Rendered users/_profile.html.erb (13.1ms)
  Rendered books/_newform.html.erb (1.6ms)
  [1m[36mBook Load (0.6ms)[0m  [1m[34mSELECT "books".* FROM "books" WHERE "books"."user_id" = ?[0m  [["user_id", 2]]
  ↳ app/views/users/show.html.erb:27
  Rendered users/show.html.erb within layouts/application (30.2ms)
Completed 200 OK in 155ms (Views: 130.1ms | ActiveRecord: 10.3ms)


Started GET "/users/1/following" for 10.0.2.2 at 2020-03-06 04:37:39 +0000
Processing by UsersController#following as HTML
  Parameters: {"id"=>"1"}
  [1m[36mUser Load (0.5ms)[0m  [1m[34mSELECT  "users".* FROM "users" WHERE "users"."id" = ? LIMIT ?[0m  [["id", 1], ["LIMIT", 1]]
  ↳ app/controllers/users_controller.rb:32
  Rendering users/show_follow.html.erb within layouts/application
  [1m[36mUser Load (0.4ms)[0m  [1m[34mSELECT "users".* FROM "users" INNER JOIN "relationships" ON "users"."id" = "relationships"."following_id" WHERE "relationships"."follower_id" = ?[0m  [["follower_id", 1]]
  ↳ app/views/users/show_follow.html.erb:5
  [1m[35m (1.1ms)[0m  [1m[34mSELECT COUNT(*) FROM "users" INNER JOIN "relationships" ON "users"."id" = "relationships"."following_id" WHERE "relationships"."follower_id" = ?[0m  [["follower_id", 2]]
  ↳ app/views/users/show_follow.html.erb:17
  [1m[35m (0.6ms)[0m  [1m[34mSELECT COUNT(*) FROM "users" INNER JOIN "relationships" ON "users"."id" = "relationships"."follower_id" WHERE "relationships"."following_id" = ?[0m  [["following_id", 2]]
  ↳ app/views/users/show_follow.html.erb:18
  Rendered users/show_follow.html.erb within layouts/application (13.0ms)
  [1m[36mUser Load (0.4ms)[0m  [1m[34mSELECT  "users".* FROM "users" WHERE "users"."id" = ? ORDER BY "users"."id" ASC LIMIT ?[0m  [["id", 2], ["LIMIT", 1]]
  ↳ app/views/layouts/application.html.erb:21
Completed 200 OK in 127ms (Views: 121.5ms | ActiveRecord: 3.0ms)


Started GET "/users/2" for 10.0.2.2 at 2020-03-06 04:37:49 +0000
Processing by UsersController#show as HTML
  Parameters: {"id"=>"2"}
  [1m[36mUser Load (1.3ms)[0m  [1m[34mSELECT  "users".* FROM "users" WHERE "users"."id" = ? ORDER BY "users"."id" ASC LIMIT ?[0m  [["id", 2], ["LIMIT", 1]]
  ↳ /var/lib/gems/2.5.0/gems/activerecord-5.2.4/lib/active_record/log_subscriber.rb:98
  [1m[36mUser Load (0.8ms)[0m  [1m[34mSELECT  "users".* FROM "users" WHERE "users"."id" = ? LIMIT ?[0m  [["id", 2], ["LIMIT", 1]]
  ↳ app/controllers/users_controller.rb:6
  Rendering users/show.html.erb within layouts/application
  [1m[35m (0.8ms)[0m  [1m[34mSELECT COUNT(*) FROM "users" INNER JOIN "relationships" ON "users"."id" = "relationships"."following_id" WHERE "relationships"."follower_id" = ?[0m  [["follower_id", 2]]
  ↳ app/views/users/_profile.html.erb:16
  [1m[35m (0.5ms)[0m  [1m[34mSELECT COUNT(*) FROM "users" INNER JOIN "relationships" ON "users"."id" = "relationships"."follower_id" WHERE "relationships"."following_id" = ?[0m  [["following_id", 2]]
  ↳ app/views/users/_profile.html.erb:23
  Rendered users/_follow_form.html.erb (0.5ms)
  Rendered users/_profile.html.erb (10.0ms)
  Rendered books/_newform.html.erb (1.5ms)
  [1m[36mBook Load (0.7ms)[0m  [1m[34mSELECT "books".* FROM "books" WHERE "books"."user_id" = ?[0m  [["user_id", 2]]
  ↳ app/views/users/show.html.erb:27
  Rendered users/show.html.erb within layouts/application (20.7ms)
Completed 200 OK in 122ms (Views: 108.7ms | ActiveRecord: 4.0ms)


Started GET "/users/2" for 10.0.2.2 at 2020-03-06 04:37:53 +0000
Processing by UsersController#show as HTML
  Parameters: {"id"=>"2"}
  [1m[36mUser Load (2.0ms)[0m  [1m[34mSELECT  "users".* FROM "users" WHERE "users"."id" = ? ORDER BY "users"."id" ASC LIMIT ?[0m  [["id", 2], ["LIMIT", 1]]
  ↳ /var/lib/gems/2.5.0/gems/activerecord-5.2.4/lib/active_record/log_subscriber.rb:98
  [1m[36mUser Load (3.9ms)[0m  [1m[34mSELECT  "users".* FROM "users" WHERE "users"."id" = ? LIMIT ?[0m  [["id", 2], ["LIMIT", 1]]
  ↳ app/controllers/users_controller.rb:6
  Rendering users/show.html.erb within layouts/application
  [1m[35m (0.6ms)[0m  [1m[34mSELECT COUNT(*) FROM "users" INNER JOIN "relationships" ON "users"."id" = "relationships"."following_id" WHERE "relationships"."follower_id" = ?[0m  [["follower_id", 2]]
  ↳ app/views/users/_profile.html.erb:16
  [1m[35m (0.5ms)[0m  [1m[34mSELECT COUNT(*) FROM "users" INNER JOIN "relationships" ON "users"."id" = "relationships"."follower_id" WHERE "relationships"."following_id" = ?[0m  [["following_id", 2]]
  ↳ app/views/users/_profile.html.erb:23
  Rendered users/_follow_form.html.erb (0.4ms)
  Rendered users/_profile.html.erb (10.4ms)
  Rendered books/_newform.html.erb (1.5ms)
  [1m[36mBook Load (0.5ms)[0m  [1m[34mSELECT "books".* FROM "books" WHERE "books"."user_id" = ?[0m  [["user_id", 2]]
  ↳ app/views/users/show.html.erb:27
  Rendered users/show.html.erb within layouts/application (26.9ms)
Completed 200 OK in 236ms (Views: 177.4ms | ActiveRecord: 7.4ms)


Started GET "/users/2/following" for 10.0.2.2 at 2020-03-06 04:40:04 +0000
Processing by UsersController#following as HTML
  Parameters: {"id"=>"2"}
  [1m[36mUser Load (6.1ms)[0m  [1m[34mSELECT  "users".* FROM "users" WHERE "users"."id" = ? LIMIT ?[0m  [["id", 2], ["LIMIT", 1]]
  ↳ app/controllers/users_controller.rb:32
  Rendering users/show_follow.html.erb within layouts/application
  [1m[36mUser Load (0.5ms)[0m  [1m[34mSELECT "users".* FROM "users" INNER JOIN "relationships" ON "users"."id" = "relationships"."following_id" WHERE "relationships"."follower_id" = ?[0m  [["follower_id", 2]]
  ↳ app/views/users/show_follow.html.erb:5
  [1m[35m (0.7ms)[0m  [1m[34mSELECT COUNT(*) FROM "users" INNER JOIN "relationships" ON "users"."id" = "relationships"."following_id" WHERE "relationships"."follower_id" = ?[0m  [["follower_id", 1]]
  ↳ app/views/users/show_follow.html.erb:16
  [1m[35m (0.9ms)[0m  [1m[34mSELECT COUNT(*) FROM "users" INNER JOIN "relationships" ON "users"."id" = "relationships"."follower_id" WHERE "relationships"."following_id" = ?[0m  [["following_id", 1]]
  ↳ app/views/users/show_follow.html.erb:17
  Rendered users/show_follow.html.erb within layouts/application (12.9ms)
  [1m[36mUser Load (1.1ms)[0m  [1m[34mSELECT  "users".* FROM "users" WHERE "users"."id" = ? ORDER BY "users"."id" ASC LIMIT ?[0m  [["id", 2], ["LIMIT", 1]]
  ↳ app/views/layouts/application.html.erb:21
Completed 200 OK in 222ms (Views: 207.6ms | ActiveRecord: 9.2ms)


Started GET "/users/2/following" for 10.0.2.2 at 2020-03-06 04:40:06 +0000
Processing by UsersController#following as HTML
  Parameters: {"id"=>"2"}
  [1m[36mUser Load (0.6ms)[0m  [1m[34mSELECT  "users".* FROM "users" WHERE "users"."id" = ? LIMIT ?[0m  [["id", 2], ["LIMIT", 1]]
  ↳ app/controllers/users_controller.rb:32
  Rendering users/show_follow.html.erb within layouts/application
  [1m[36mUser Load (0.3ms)[0m  [1m[34mSELECT "users".* FROM "users" INNER JOIN "relationships" ON "users"."id" = "relationships"."following_id" WHERE "relationships"."follower_id" = ?[0m  [["follower_id", 2]]
  ↳ app/views/users/show_follow.html.erb:5
  [1m[35m (0.5ms)[0m  [1m[34mSELECT COUNT(*) FROM "users" INNER JOIN "relationships" ON "users"."id" = "relationships"."following_id" WHERE "relationships"."follower_id" = ?[0m  [["follower_id", 1]]
  ↳ app/views/users/show_follow.html.erb:16
  [1m[35m (0.3ms)[0m  [1m[34mSELECT COUNT(*) FROM "users" INNER JOIN "relationships" ON "users"."id" = "relationships"."follower_id" WHERE "relationships"."following_id" = ?[0m  [["following_id", 1]]
  ↳ app/views/users/show_follow.html.erb:17
  Rendered users/show_follow.html.erb within layouts/application (7.8ms)
  [1m[36mUser Load (0.5ms)[0m  [1m[34mSELECT  "users".* FROM "users" WHERE "users"."id" = ? ORDER BY "users"."id" ASC LIMIT ?[0m  [["id", 2], ["LIMIT", 1]]
  ↳ app/views/layouts/application.html.erb:21
Completed 200 OK in 176ms (Views: 169.1ms | ActiveRecord: 2.4ms)


Started GET "/users/2/following" for 10.0.2.2 at 2020-03-06 04:40:15 +0000
Processing by UsersController#following as HTML
  Parameters: {"id"=>"2"}
  [1m[36mUser Load (0.7ms)[0m  [1m[34mSELECT  "users".* FROM "users" WHERE "users"."id" = ? LIMIT ?[0m  [["id", 2], ["LIMIT", 1]]
  ↳ app/controllers/users_controller.rb:32
  Rendering users/show_follow.html.erb within layouts/application
  [1m[36mUser Load (0.5ms)[0m  [1m[34mSELECT "users".* FROM "users" INNER JOIN "relationships" ON "users"."id" = "relationships"."following_id" WHERE "relationships"."follower_id" = ?[0m  [["follower_id", 2]]
  ↳ app/views/users/show_follow.html.erb:5
  [1m[35m (0.5ms)[0m  [1m[34mSELECT COUNT(*) FROM "users" INNER JOIN "relationships" ON "users"."id" = "relationships"."following_id" WHERE "relationships"."follower_id" = ?[0m  [["follower_id", 1]]
  ↳ app/views/users/show_follow.html.erb:16
  [1m[35m (0.6ms)[0m  [1m[34mSELECT COUNT(*) FROM "users" INNER JOIN "relationships" ON "users"."id" = "relationships"."follower_id" WHERE "relationships"."following_id" = ?[0m  [["following_id", 1]]
  ↳ app/views/users/show_follow.html.erb:17
  Rendered users/show_follow.html.erb within layouts/application (10.5ms)
  [1m[36mUser Load (0.3ms)[0m  [1m[34mSELECT  "users".* FROM "users" WHERE "users"."id" = ? ORDER BY "users"."id" ASC LIMIT ?[0m  [["id", 2], ["LIMIT", 1]]
  ↳ app/views/layouts/application.html.erb:21
Completed 200 OK in 140ms (Views: 135.5ms | ActiveRecord: 2.6ms)


Started GET "/users/2/following" for 10.0.2.2 at 2020-03-06 04:40:20 +0000
Processing by UsersController#following as HTML
  Parameters: {"id"=>"2"}
  [1m[36mUser Load (1.0ms)[0m  [1m[34mSELECT  "users".* FROM "users" WHERE "users"."id" = ? LIMIT ?[0m  [["id", 2], ["LIMIT", 1]]
  ↳ app/controllers/users_controller.rb:32
  Rendering users/show_follow.html.erb within layouts/application
  [1m[36mUser Load (0.8ms)[0m  [1m[34mSELECT "users".* FROM "users" INNER JOIN "relationships" ON "users"."id" = "relationships"."following_id" WHERE "relationships"."follower_id" = ?[0m  [["follower_id", 2]]
  ↳ app/views/users/show_follow.html.erb:5
  [1m[35m (0.6ms)[0m  [1m[34mSELECT COUNT(*) FROM "users" INNER JOIN "relationships" ON "users"."id" = "relationships"."following_id" WHERE "relationships"."follower_id" = ?[0m  [["follower_id", 1]]
  ↳ app/views/users/show_follow.html.erb:16
  [1m[35m (2.5ms)[0m  [1m[34mSELECT COUNT(*) FROM "users" INNER JOIN "relationships" ON "users"."id" = "relationships"."follower_id" WHERE "relationships"."following_id" = ?[0m  [["following_id", 1]]
  ↳ app/views/users/show_follow.html.erb:17
  Rendered users/show_follow.html.erb within layouts/application (16.4ms)
  [1m[36mUser Load (0.7ms)[0m  [1m[34mSELECT  "users".* FROM "users" WHERE "users"."id" = ? ORDER BY "users"."id" ASC LIMIT ?[0m  [["id", 2], ["LIMIT", 1]]
  ↳ app/views/layouts/application.html.erb:21
Completed 200 OK in 233ms (Views: 224.1ms | ActiveRecord: 5.6ms)


Started GET "/users/2/following" for 10.0.2.2 at 2020-03-06 04:40:22 +0000
Processing by UsersController#following as HTML
  Parameters: {"id"=>"2"}
  [1m[36mUser Load (0.6ms)[0m  [1m[34mSELECT  "users".* FROM "users" WHERE "users"."id" = ? LIMIT ?[0m  [["id", 2], ["LIMIT", 1]]
  ↳ app/controllers/users_controller.rb:32
  Rendering users/show_follow.html.erb within layouts/application
  [1m[36mUser Load (0.4ms)[0m  [1m[34mSELECT "users".* FROM "users" INNER JOIN "relationships" ON "users"."id" = "relationships"."following_id" WHERE "relationships"."follower_id" = ?[0m  [["follower_id", 2]]
  ↳ app/views/users/show_follow.html.erb:5
  [1m[35m (0.6ms)[0m  [1m[34mSELECT COUNT(*) FROM "users" INNER JOIN "relationships" ON "users"."id" = "relationships"."following_id" WHERE "relationships"."follower_id" = ?[0m  [["follower_id", 1]]
  ↳ app/views/users/show_follow.html.erb:16
  [1m[35m (0.4ms)[0m  [1m[34mSELECT COUNT(*) FROM "users" INNER JOIN "relationships" ON "users"."id" = "relationships"."follower_id" WHERE "relationships"."following_id" = ?[0m  [["following_id", 1]]
  ↳ app/views/users/show_follow.html.erb:17
  Rendered users/show_follow.html.erb within layouts/application (11.1ms)
  [1m[36mUser Load (0.5ms)[0m  [1m[34mSELECT  "users".* FROM "users" WHERE "users"."id" = ? ORDER BY "users"."id" ASC LIMIT ?[0m  [["id", 2], ["LIMIT", 1]]
  ↳ app/views/layouts/application.html.erb:21
Completed 200 OK in 180ms (Views: 172.7ms | ActiveRecord: 2.6ms)


Started GET "/users/2/following" for 10.0.2.2 at 2020-03-06 04:40:50 +0000
Processing by UsersController#following as HTML
  Parameters: {"id"=>"2"}
  [1m[36mUser Load (0.8ms)[0m  [1m[34mSELECT  "users".* FROM "users" WHERE "users"."id" = ? LIMIT ?[0m  [["id", 2], ["LIMIT", 1]]
  ↳ app/controllers/users_controller.rb:32
  Rendering users/show_follow.html.erb within layouts/application
  [1m[36mUser Load (1.2ms)[0m  [1m[34mSELECT "users".* FROM "users" INNER JOIN "relationships" ON "users"."id" = "relationships"."following_id" WHERE "relationships"."follower_id" = ?[0m  [["follower_id", 2]]
  ↳ app/views/users/show_follow.html.erb:5
  [1m[35m (16.3ms)[0m  [1m[34mSELECT COUNT(*) FROM "users" INNER JOIN "relationships" ON "users"."id" = "relationships"."following_id" WHERE "relationships"."follower_id" = ?[0m  [["follower_id", 1]]
  ↳ app/views/users/show_follow.html.erb:16
  [1m[35m (1.2ms)[0m  [1m[34mSELECT COUNT(*) FROM "users" INNER JOIN "relationships" ON "users"."id" = "relationships"."follower_id" WHERE "relationships"."following_id" = ?[0m  [["following_id", 1]]
  ↳ app/views/users/show_follow.html.erb:17
  Rendered users/show_follow.html.erb within layouts/application (37.0ms)
  [1m[36mUser Load (0.6ms)[0m  [1m[34mSELECT  "users".* FROM "users" WHERE "users"."id" = ? ORDER BY "users"."id" ASC LIMIT ?[0m  [["id", 2], ["LIMIT", 1]]
  ↳ app/views/layouts/application.html.erb:21
Completed 200 OK in 354ms (Views: 330.1ms | ActiveRecord: 20.0ms)


Started GET "/users/2/following" for 10.0.2.2 at 2020-03-06 04:41:15 +0000
Processing by UsersController#following as HTML
  Parameters: {"id"=>"2"}
  [1m[36mUser Load (0.9ms)[0m  [1m[34mSELECT  "users".* FROM "users" WHERE "users"."id" = ? LIMIT ?[0m  [["id", 2], ["LIMIT", 1]]
  ↳ app/controllers/users_controller.rb:32
  Rendering users/show_follow.html.erb within layouts/application
  [1m[36mUser Load (0.5ms)[0m  [1m[34mSELECT "users".* FROM "users" INNER JOIN "relationships" ON "users"."id" = "relationships"."following_id" WHERE "relationships"."follower_id" = ?[0m  [["follower_id", 2]]
  ↳ app/views/users/show_follow.html.erb:5
  [1m[35m (1.5ms)[0m  [1m[34mSELECT COUNT(*) FROM "users" INNER JOIN "relationships" ON "users"."id" = "relationships"."following_id" WHERE "relationships"."follower_id" = ?[0m  [["follower_id", 1]]
  ↳ app/views/users/show_follow.html.erb:16
  [1m[35m (1.3ms)[0m  [1m[34mSELECT COUNT(*) FROM "users" INNER JOIN "relationships" ON "users"."id" = "relationships"."follower_id" WHERE "relationships"."following_id" = ?[0m  [["following_id", 1]]
  ↳ app/views/users/show_follow.html.erb:17
  Rendered users/show_follow.html.erb within layouts/application (13.5ms)
  [1m[36mUser Load (0.9ms)[0m  [1m[34mSELECT  "users".* FROM "users" WHERE "users"."id" = ? ORDER BY "users"."id" ASC LIMIT ?[0m  [["id", 2], ["LIMIT", 1]]
  ↳ app/views/layouts/application.html.erb:21
Completed 200 OK in 158ms (Views: 150.6ms | ActiveRecord: 5.1ms)


Started GET "/users/2/following" for 10.0.2.2 at 2020-03-06 04:41:52 +0000
Processing by UsersController#following as HTML
  Parameters: {"id"=>"2"}
  [1m[36mUser Load (0.6ms)[0m  [1m[34mSELECT  "users".* FROM "users" WHERE "users"."id" = ? LIMIT ?[0m  [["id", 2], ["LIMIT", 1]]
  ↳ app/controllers/users_controller.rb:32
  Rendering users/show_follow.html.erb within layouts/application
  [1m[36mUser Load (1.8ms)[0m  [1m[34mSELECT "users".* FROM "users" INNER JOIN "relationships" ON "users"."id" = "relationships"."following_id" WHERE "relationships"."follower_id" = ?[0m  [["follower_id", 2]]
  ↳ app/views/users/show_follow.html.erb:5
  [1m[35m (1.2ms)[0m  [1m[34mSELECT COUNT(*) FROM "users" INNER JOIN "relationships" ON "users"."id" = "relationships"."following_id" WHERE "relationships"."follower_id" = ?[0m  [["follower_id", 1]]
  ↳ app/views/users/show_follow.html.erb:16
  [1m[35m (0.6ms)[0m  [1m[34mSELECT COUNT(*) FROM "users" INNER JOIN "relationships" ON "users"."id" = "relationships"."follower_id" WHERE "relationships"."following_id" = ?[0m  [["following_id", 1]]
  ↳ app/views/users/show_follow.html.erb:17
  Rendered users/show_follow.html.erb within layouts/application (15.8ms)
  [1m[36mUser Load (0.8ms)[0m  [1m[34mSELECT  "users".* FROM "users" WHERE "users"."id" = ? ORDER BY "users"."id" ASC LIMIT ?[0m  [["id", 2], ["LIMIT", 1]]
  ↳ app/views/layouts/application.html.erb:21
Completed 200 OK in 199ms (Views: 190.5ms | ActiveRecord: 5.1ms)


Started GET "/users/2" for 10.0.2.2 at 2020-03-06 04:41:54 +0000
Processing by UsersController#show as HTML
  Parameters: {"id"=>"2"}
  [1m[36mUser Load (10.6ms)[0m  [1m[34mSELECT  "users".* FROM "users" WHERE "users"."id" = ? ORDER BY "users"."id" ASC LIMIT ?[0m  [["id", 2], ["LIMIT", 1]]
  ↳ /var/lib/gems/2.5.0/gems/activerecord-5.2.4/lib/active_record/log_subscriber.rb:98
  [1m[36mUser Load (5.6ms)[0m  [1m[34mSELECT  "users".* FROM "users" WHERE "users"."id" = ? LIMIT ?[0m  [["id", 2], ["LIMIT", 1]]
  ↳ app/controllers/users_controller.rb:6
  Rendering users/show.html.erb within layouts/application
  [1m[35m (0.8ms)[0m  [1m[34mSELECT COUNT(*) FROM "users" INNER JOIN "relationships" ON "users"."id" = "relationships"."following_id" WHERE "relationships"."follower_id" = ?[0m  [["follower_id", 2]]
  ↳ app/views/users/_profile.html.erb:16
  [1m[35m (1.5ms)[0m  [1m[34mSELECT COUNT(*) FROM "users" INNER JOIN "relationships" ON "users"."id" = "relationships"."follower_id" WHERE "relationships"."following_id" = ?[0m  [["following_id", 2]]
  ↳ app/views/users/_profile.html.erb:23
  Rendered users/_follow_form.html.erb (0.5ms)
  Rendered users/_profile.html.erb (16.7ms)
  Rendered books/_newform.html.erb (1.9ms)
  [1m[36mBook Load (0.6ms)[0m  [1m[34mSELECT "books".* FROM "books" WHERE "books"."user_id" = ?[0m  [["user_id", 2]]
  ↳ app/views/users/show.html.erb:27
  Rendered users/show.html.erb within layouts/application (37.2ms)
Completed 200 OK in 260ms (Views: 209.7ms | ActiveRecord: 19.0ms)


Started GET "/users/2/followers" for 10.0.2.2 at 2020-03-06 04:41:56 +0000
Processing by UsersController#followers as HTML
  Parameters: {"id"=>"2"}
  [1m[36mUser Load (7.7ms)[0m  [1m[34mSELECT  "users".* FROM "users" WHERE "users"."id" = ? LIMIT ?[0m  [["id", 2], ["LIMIT", 1]]
  ↳ app/controllers/users_controller.rb:38
  Rendering users/show_follower.html.erb within layouts/application
  [1m[36mUser Load (1.0ms)[0m  [1m[34mSELECT "users".* FROM "users" INNER JOIN "relationships" ON "users"."id" = "relationships"."follower_id" WHERE "relationships"."following_id" = ?[0m  [["following_id", 2]]
  ↳ app/views/users/show_follower.html.erb:5
  [1m[35m (0.5ms)[0m  [1m[34mSELECT COUNT(*) FROM "users" INNER JOIN "relationships" ON "users"."id" = "relationships"."following_id" WHERE "relationships"."follower_id" = ?[0m  [["follower_id", 1]]
  ↳ app/views/users/show_follower.html.erb:16
  [1m[35m (0.5ms)[0m  [1m[34mSELECT COUNT(*) FROM "users" INNER JOIN "relationships" ON "users"."id" = "relationships"."follower_id" WHERE "relationships"."following_id" = ?[0m  [["following_id", 1]]
  ↳ app/views/users/show_follower.html.erb:17
  [1m[36mUser Load (0.3ms)[0m  [1m[34mSELECT  "users".* FROM "users" WHERE "users"."id" = ? ORDER BY "users"."id" ASC LIMIT ?[0m  [["id", 2], ["LIMIT", 1]]
  ↳ app/helpers/users_helper.rb:3
  Rendered users/_follow_form.html.erb (2.2ms)
  Rendered users/show_follower.html.erb within layouts/application (19.3ms)
Completed 200 OK in 140ms (Views: 126.6ms | ActiveRecord: 10.0ms)


Started GET "/users/2/followers" for 10.0.2.2 at 2020-03-06 04:42:13 +0000
Processing by UsersController#followers as HTML
  Parameters: {"id"=>"2"}
  [1m[36mUser Load (0.8ms)[0m  [1m[34mSELECT  "users".* FROM "users" WHERE "users"."id" = ? LIMIT ?[0m  [["id", 2], ["LIMIT", 1]]
  ↳ app/controllers/users_controller.rb:38
  Rendering users/show_follower.html.erb within layouts/application
  [1m[36mUser Load (0.6ms)[0m  [1m[34mSELECT "users".* FROM "users" INNER JOIN "relationships" ON "users"."id" = "relationships"."follower_id" WHERE "relationships"."following_id" = ?[0m  [["following_id", 2]]
  ↳ app/views/users/show_follower.html.erb:5
  [1m[35m (0.5ms)[0m  [1m[34mSELECT COUNT(*) FROM "users" INNER JOIN "relationships" ON "users"."id" = "relationships"."following_id" WHERE "relationships"."follower_id" = ?[0m  [["follower_id", 1]]
  ↳ app/views/users/show_follower.html.erb:16
  [1m[35m (0.6ms)[0m  [1m[34mSELECT COUNT(*) FROM "users" INNER JOIN "relationships" ON "users"."id" = "relationships"."follower_id" WHERE "relationships"."following_id" = ?[0m  [["following_id", 1]]
  ↳ app/views/users/show_follower.html.erb:17
  Rendered users/show_follower.html.erb within layouts/application (8.9ms)
  [1m[36mUser Load (0.5ms)[0m  [1m[34mSELECT  "users".* FROM "users" WHERE "users"."id" = ? ORDER BY "users"."id" ASC LIMIT ?[0m  [["id", 2], ["LIMIT", 1]]
  ↳ app/views/layouts/application.html.erb:21
Completed 200 OK in 193ms (Views: 187.0ms | ActiveRecord: 3.1ms)


Started GET "/users/2/followers" for 10.0.2.2 at 2020-03-06 04:45:04 +0000
Processing by UsersController#followers as HTML
  Parameters: {"id"=>"2"}
  [1m[36mUser Load (0.7ms)[0m  [1m[34mSELECT  "users".* FROM "users" WHERE "users"."id" = ? LIMIT ?[0m  [["id", 2], ["LIMIT", 1]]
  ↳ app/controllers/users_controller.rb:38
  Rendering users/show_follower.html.erb within layouts/application
  [1m[36mUser Load (0.6ms)[0m  [1m[34mSELECT "users".* FROM "users" INNER JOIN "relationships" ON "users"."id" = "relationships"."follower_id" WHERE "relationships"."following_id" = ?[0m  [["following_id", 2]]
  ↳ app/views/users/show_follower.html.erb:5
  [1m[35m (0.4ms)[0m  [1m[34mSELECT COUNT(*) FROM "users" INNER JOIN "relationships" ON "users"."id" = "relationships"."following_id" WHERE "relationships"."follower_id" = ?[0m  [["follower_id", 1]]
  ↳ app/views/users/show_follower.html.erb:16
  [1m[35m (0.6ms)[0m  [1m[34mSELECT COUNT(*) FROM "users" INNER JOIN "relationships" ON "users"."id" = "relationships"."follower_id" WHERE "relationships"."following_id" = ?[0m  [["following_id", 1]]
  ↳ app/views/users/show_follower.html.erb:17
  Rendered users/show_follower.html.erb within layouts/application (9.2ms)
  [1m[36mUser Load (0.6ms)[0m  [1m[34mSELECT  "users".* FROM "users" WHERE "users"."id" = ? ORDER BY "users"."id" ASC LIMIT ?[0m  [["id", 2], ["LIMIT", 1]]
  ↳ app/views/layouts/application.html.erb:21
Completed 200 OK in 175ms (Views: 169.9ms | ActiveRecord: 3.0ms)


