Started GET "/books/1" for 10.0.2.2 at 2020-03-06 05:28:00 +0000
  [1m[35m (0.6ms)[0m  [1m[34mSELECT "schema_migrations"."version" FROM "schema_migrations" ORDER BY "schema_migrations"."version" ASC[0m
  â†³ /var/lib/gems/2.5.0/gems/activerecord-5.2.4/lib/active_record/log_subscriber.rb:98
Processing by BooksController#show as HTML
  Parameters: {"id"=>"1"}
  [1m[36mUser Load (0.5ms)[0m  [1m[34mSELECT  "users".* FROM "users" WHERE "users"."id" = ? ORDER BY "users"."id" ASC LIMIT ?[0m  [["id", 2], ["LIMIT", 1]]
  â†³ /var/lib/gems/2.5.0/gems/activerecord-5.2.4/lib/active_record/log_subscriber.rb:98
  [1m[36mBook Load (0.6ms)[0m  [1m[34mSELECT  "books".* FROM "books" WHERE "books"."id" = ? LIMIT ?[0m  [["id", 1], ["LIMIT", 1]]
  â†³ app/controllers/books_controller.rb:4
  [1m[36mUser Load (0.7ms)[0m  [1m[34mSELECT  "users".* FROM "users" WHERE "users"."id" = ? LIMIT ?[0m  [["id", 1], ["LIMIT", 1]]
  â†³ app/controllers/books_controller.rb:6
  Rendering books/show.html.erb within layouts/application
  [1m[35m (0.7ms)[0m  [1m[34mSELECT COUNT(*) FROM "users" INNER JOIN "relationships" ON "users"."id" = "relationships"."following_id" WHERE "relationships"."follower_id" = ?[0m  [["follower_id", 1]]
  â†³ app/views/users/_profile.html.erb:16
  [1m[35m (1.2ms)[0m  [1m[34mSELECT COUNT(*) FROM "users" INNER JOIN "relationships" ON "users"."id" = "relationships"."follower_id" WHERE "relationships"."following_id" = ?[0m  [["following_id", 1]]
  â†³ app/views/users/_profile.html.erb:23
  [1m[36mRelationship Load (0.4ms)[0m  [1m[34mSELECT  "relationships".* FROM "relationships" WHERE "relationships"."follower_id" = ? AND "relationships"."following_id" = ? LIMIT ?[0m  [["follower_id", 2], ["following_id", 1], ["LIMIT", 1]]
  â†³ app/models/user.rb:20
  [1m[36mCACHE Relationship Load (0.0ms)[0m  [1m[34mSELECT  "relationships".* FROM "relationships" WHERE "relationships"."follower_id" = ? AND "relationships"."following_id" = ? LIMIT ?[0m  [["follower_id", 2], ["following_id", 1], ["LIMIT", 1]]
  â†³ app/views/users/_unfollow.html.erb:1
  Rendered users/_unfollow.html.erb (2.7ms)
  Rendered users/_follow_form.html.erb (26.3ms)
  Rendered users/_profile.html.erb (65.2ms)
  Rendered books/_newform.html.erb (18.0ms)
  [1m[36mCACHE User Load (0.0ms)[0m  [1m[34mSELECT  "users".* FROM "users" WHERE "users"."id" = ? LIMIT ?[0m  [["id", 1], ["LIMIT", 1]]
  â†³ app/views/books/show.html.erb:17
  [1m[36mFavorite Exists (0.4ms)[0m  [1m[34mSELECT  1 AS one FROM "favorites" WHERE "favorites"."book_id" = ? AND "favorites"."user_id" = ? LIMIT ?[0m  [["book_id", 1], ["user_id", 2], ["LIMIT", 1]]
  â†³ app/models/book.rb:11
  [1m[35m (0.3ms)[0m  [1m[34mSELECT COUNT(*) FROM "favorites" WHERE "favorites"."book_id" = ?[0m  [["book_id", 1]]
  â†³ app/views/books/show.html.erb:39
  [1m[35m (0.8ms)[0m  [1m[34mSELECT COUNT(*) FROM "post_comments" WHERE "post_comments"."book_id" = ?[0m  [["book_id", 1]]
  â†³ app/views/books/show.html.erb:44
  [1m[36mPostComment Load (0.6ms)[0m  [1m[34mSELECT "post_comments".* FROM "post_comments" WHERE "post_comments"."book_id" = ?[0m  [["book_id", 1]]
  â†³ app/views/books/show.html.erb:59
  [1m[36mUser Load (0.5ms)[0m  [1m[34mSELECT  "users".* FROM "users" WHERE "users"."id" = ? LIMIT ?[0m  [["id", 2], ["LIMIT", 1]]
  â†³ app/views/books/show.html.erb:63
  [1m[36mCACHE User Load (0.0ms)[0m  [1m[34mSELECT  "users".* FROM "users" WHERE "users"."id" = ? LIMIT ?[0m  [["id", 2], ["LIMIT", 1]]
  â†³ app/views/books/show.html.erb:63
  [1m[36mCACHE User Load (0.0ms)[0m  [1m[34mSELECT  "users".* FROM "users" WHERE "users"."id" = ? LIMIT ?[0m  [["id", 2], ["LIMIT", 1]]
  â†³ app/views/books/show.html.erb:63
  Rendered books/show.html.erb within layouts/application (126.4ms)
Completed 200 OK in 834ms (Views: 757.3ms | ActiveRecord: 14.1ms)


Started GET "/users" for 10.0.2.2 at 2020-03-06 05:28:06 +0000
Processing by UsersController#index as HTML
  [1m[36mUser Load (0.7ms)[0m  [1m[34mSELECT  "users".* FROM "users" WHERE "users"."id" = ? ORDER BY "users"."id" ASC LIMIT ?[0m  [["id", 2], ["LIMIT", 1]]
  â†³ /var/lib/gems/2.5.0/gems/activerecord-5.2.4/lib/active_record/log_subscriber.rb:98
  Rendering users/index.html.erb within layouts/application
  Rendered users/index.html.erb within layouts/application (2.1ms)
Completed 500 Internal Server Error in 29ms (ActiveRecord: 0.7ms)


  
SyntaxError (/vagrant/submissions2/bookers-task4/app/views/users/index.html.erb:52: syntax error, unexpected keyword_ensure, expecting keyword_end
          ensure
          ^~~~~~
/vagrant/submissions2/bookers-task4/app/views/users/index.html.erb:54: syntax error, unexpected end-of-input, expecting keyword_end
          end
             ^):
  
app/views/users/index.html.erb:52: syntax error, unexpected keyword_ensure, expecting keyword_end
app/views/users/index.html.erb:54: syntax error, unexpected end-of-input, expecting keyword_end
Started GET "/users" for 10.0.2.2 at 2020-03-06 05:28:56 +0000
Processing by UsersController#index as HTML
  [1m[36mUser Load (0.7ms)[0m  [1m[34mSELECT  "users".* FROM "users" WHERE "users"."id" = ? ORDER BY "users"."id" ASC LIMIT ?[0m  [["id", 2], ["LIMIT", 1]]
  â†³ /var/lib/gems/2.5.0/gems/activerecord-5.2.4/lib/active_record/log_subscriber.rb:98
  Rendering users/index.html.erb within layouts/application
  Rendered users/index.html.erb within layouts/application (1.1ms)
Completed 500 Internal Server Error in 24ms (ActiveRecord: 0.7ms)


  
SyntaxError (/vagrant/submissions2/bookers-task4/app/views/users/index.html.erb:55: syntax error, unexpected end-of-input, expecting keyword_end
          end
             ^):
  
app/views/users/index.html.erb:55: syntax error, unexpected end-of-input, expecting keyword_end
Started GET "/users" for 10.0.2.2 at 2020-03-06 05:29:18 +0000
  [1m[35m (0.5ms)[0m  [1m[34mSELECT "schema_migrations"."version" FROM "schema_migrations" ORDER BY "schema_migrations"."version" ASC[0m
  â†³ /var/lib/gems/2.5.0/gems/activerecord-5.2.4/lib/active_record/log_subscriber.rb:98
Processing by UsersController#index as HTML
  [1m[36mUser Load (0.5ms)[0m  [1m[34mSELECT  "users".* FROM "users" WHERE "users"."id" = ? ORDER BY "users"."id" ASC LIMIT ?[0m  [["id", 2], ["LIMIT", 1]]
  â†³ /var/lib/gems/2.5.0/gems/activerecord-5.2.4/lib/active_record/log_subscriber.rb:98
  Rendering users/index.html.erb within layouts/application
  Rendered users/index.html.erb within layouts/application (3.8ms)
Completed 500 Internal Server Error in 70ms (ActiveRecord: 4.4ms)


  
SyntaxError (/vagrant/submissions2/bookers-task4/app/views/users/index.html.erb:54: syntax error, unexpected end-of-input, expecting keyword_end
          end
             ^):
  
app/views/users/index.html.erb:54: syntax error, unexpected end-of-input, expecting keyword_end
Started GET "/users" for 10.0.2.2 at 2020-03-06 05:29:35 +0000
Processing by UsersController#index as HTML
  [1m[36mUser Load (0.7ms)[0m  [1m[34mSELECT  "users".* FROM "users" WHERE "users"."id" = ? ORDER BY "users"."id" ASC LIMIT ?[0m  [["id", 2], ["LIMIT", 1]]
  â†³ /var/lib/gems/2.5.0/gems/activerecord-5.2.4/lib/active_record/log_subscriber.rb:98
  Rendering users/index.html.erb within layouts/application
  Rendered users/index.html.erb within layouts/application (1.4ms)
Completed 500 Internal Server Error in 23ms (ActiveRecord: 0.7ms)


  
SyntaxError (/vagrant/submissions2/bookers-task4/app/views/users/index.html.erb:51: syntax error, unexpected keyword_ensure, expecting keyword_end
          ensure
          ^~~~~~
/vagrant/submissions2/bookers-task4/app/views/users/index.html.erb:53: syntax error, unexpected end-of-input, expecting keyword_end
          end
             ^):
  
app/views/users/index.html.erb:51: syntax error, unexpected keyword_ensure, expecting keyword_end
app/views/users/index.html.erb:53: syntax error, unexpected end-of-input, expecting keyword_end
Started GET "/users" for 10.0.2.2 at 2020-03-06 05:30:10 +0000
Processing by UsersController#index as HTML
  [1m[36mUser Load (0.6ms)[0m  [1m[34mSELECT  "users".* FROM "users" WHERE "users"."id" = ? ORDER BY "users"."id" ASC LIMIT ?[0m  [["id", 2], ["LIMIT", 1]]
  â†³ /var/lib/gems/2.5.0/gems/activerecord-5.2.4/lib/active_record/log_subscriber.rb:98
  Rendering users/index.html.erb within layouts/application
  Rendered users/index.html.erb within layouts/application (1.4ms)
Completed 500 Internal Server Error in 38ms (ActiveRecord: 0.6ms)


  
SyntaxError (/vagrant/submissions2/bookers-task4/app/views/users/index.html.erb:51: syntax error, unexpected keyword_ensure, expecting keyword_end
          ensure
          ^~~~~~
/vagrant/submissions2/bookers-task4/app/views/users/index.html.erb:53: syntax error, unexpected end-of-input, expecting keyword_end
          end
             ^):
  
app/views/users/index.html.erb:51: syntax error, unexpected keyword_ensure, expecting keyword_end
app/views/users/index.html.erb:53: syntax error, unexpected end-of-input, expecting keyword_end
Started GET "/users" for 10.0.2.2 at 2020-03-06 05:30:33 +0000
Processing by UsersController#index as HTML
  [1m[36mUser Load (0.9ms)[0m  [1m[34mSELECT  "users".* FROM "users" WHERE "users"."id" = ? ORDER BY "users"."id" ASC LIMIT ?[0m  [["id", 2], ["LIMIT", 1]]
  â†³ /var/lib/gems/2.5.0/gems/activerecord-5.2.4/lib/active_record/log_subscriber.rb:98
  Rendering users/index.html.erb within layouts/application
  [1m[35m (5.8ms)[0m  [1m[34mSELECT COUNT(*) FROM "users" INNER JOIN "relationships" ON "users"."id" = "relationships"."following_id" WHERE "relationships"."follower_id" = ?[0m  [["follower_id", 2]]
  â†³ app/views/users/_profile.html.erb:16
  [1m[35m (3.7ms)[0m  [1m[34mSELECT COUNT(*) FROM "users" INNER JOIN "relationships" ON "users"."id" = "relationships"."follower_id" WHERE "relationships"."following_id" = ?[0m  [["following_id", 2]]
  â†³ app/views/users/_profile.html.erb:23
  Rendered users/_follow_form.html.erb (0.9ms)
  Rendered users/_profile.html.erb (65.1ms)
  Rendered books/_newform.html.erb (28.8ms)
  [1m[36mUser Load (1.8ms)[0m  [1m[34mSELECT "users".* FROM "users"[0m
  â†³ app/views/users/index.html.erb:24
  [1m[35m (0.5ms)[0m  [1m[34mSELECT COUNT(*) FROM "users" INNER JOIN "relationships" ON "users"."id" = "relationships"."following_id" WHERE "relationships"."follower_id" = ?[0m  [["follower_id", 1]]
  â†³ app/views/users/index.html.erb:28
  [1m[35m (7.1ms)[0m  [1m[34mSELECT COUNT(*) FROM "users" INNER JOIN "relationships" ON "users"."id" = "relationships"."follower_id" WHERE "relationships"."following_id" = ?[0m  [["following_id", 1]]
  â†³ app/views/users/index.html.erb:29
  [1m[36mRelationship Load (0.3ms)[0m  [1m[34mSELECT  "relationships".* FROM "relationships" WHERE "relationships"."follower_id" = ? AND "relationships"."following_id" = ? LIMIT ?[0m  [["follower_id", 2], ["following_id", 1], ["LIMIT", 1]]
  â†³ app/models/user.rb:20
  Rendered users/index.html.erb within layouts/application (182.2ms)
Completed 500 Internal Server Error in 216ms (ActiveRecord: 23.5ms)


  
ActionView::Template::Error (undefined method `following_relationship' for #<User:0x000055a398deb9f8>):
    30: 						<td>
    31: 							<% unless current_user?(user) %>
    32: 								<% if current_user.following?(user) %>
    33: 								 <% form_for(current_user.following_relationship.build(following_id: user.id)) do |f| %>
    34: 								 <% f.submit "Follow" %>
    35: 							<% else %>
    36: 								<%= fome_for(current_user.following_relationships.find_by(following_id: @user.id), html: {method: :delete}) do |f| %>
  
app/views/users/index.html.erb:33:in `block in _app_views_users_index_html_erb___3877931378388711733_47080599935580'
app/views/users/index.html.erb:24:in `_app_views_users_index_html_erb___3877931378388711733_47080599935580'
Started GET "/users" for 10.0.2.2 at 2020-03-06 05:30:45 +0000
Processing by UsersController#index as HTML
  [1m[36mUser Load (4.2ms)[0m  [1m[34mSELECT  "users".* FROM "users" WHERE "users"."id" = ? ORDER BY "users"."id" ASC LIMIT ?[0m  [["id", 2], ["LIMIT", 1]]
  â†³ /var/lib/gems/2.5.0/gems/activerecord-5.2.4/lib/active_record/log_subscriber.rb:98
  Rendering users/index.html.erb within layouts/application
  [1m[35m (0.5ms)[0m  [1m[34mSELECT COUNT(*) FROM "users" INNER JOIN "relationships" ON "users"."id" = "relationships"."following_id" WHERE "relationships"."follower_id" = ?[0m  [["follower_id", 2]]
  â†³ app/views/users/_profile.html.erb:16
  [1m[35m (1.0ms)[0m  [1m[34mSELECT COUNT(*) FROM "users" INNER JOIN "relationships" ON "users"."id" = "relationships"."follower_id" WHERE "relationships"."following_id" = ?[0m  [["following_id", 2]]
  â†³ app/views/users/_profile.html.erb:23
  Rendered users/_follow_form.html.erb (0.5ms)
  Rendered users/_profile.html.erb (15.3ms)
  Rendered books/_newform.html.erb (3.1ms)
  [1m[36mUser Load (1.0ms)[0m  [1m[34mSELECT "users".* FROM "users"[0m
  â†³ app/views/users/index.html.erb:24
  [1m[35m (0.7ms)[0m  [1m[34mSELECT COUNT(*) FROM "users" INNER JOIN "relationships" ON "users"."id" = "relationships"."following_id" WHERE "relationships"."follower_id" = ?[0m  [["follower_id", 1]]
  â†³ app/views/users/index.html.erb:28
  [1m[35m (0.3ms)[0m  [1m[34mSELECT COUNT(*) FROM "users" INNER JOIN "relationships" ON "users"."id" = "relationships"."follower_id" WHERE "relationships"."following_id" = ?[0m  [["following_id", 1]]
  â†³ app/views/users/index.html.erb:29
  [1m[36mRelationship Load (0.9ms)[0m  [1m[34mSELECT  "relationships".* FROM "relationships" WHERE "relationships"."follower_id" = ? AND "relationships"."following_id" = ? LIMIT ?[0m  [["follower_id", 2], ["following_id", 1], ["LIMIT", 1]]
  â†³ app/models/user.rb:20
  [1m[36mRelationship Load (0.4ms)[0m  [1m[34mSELECT  "relationships".* FROM "relationships" WHERE "relationships"."follower_id" = ? AND "relationships"."following_id" = ? LIMIT ?[0m  [["follower_id", 2], ["following_id", 2], ["LIMIT", 1]]
  â†³ app/views/users/index.html.erb:36
  Rendered users/index.html.erb within layouts/application (331.0ms)
Completed 500 Internal Server Error in 379ms (ActiveRecord: 9.0ms)


  
ActionView::Template::Error (undefined method `fome_for' for #<#<Class:0x000055a39b153be8>:0x000055a39c7b0be8>):
    33: 								 <% form_for(current_user.following_relationships.build(following_id: user.id)) do |f| %>
    34: 								 <% f.submit "Follow" %>
    35: 							<% else %>
    36: 								<%= fome_for(current_user.following_relationships.find_by(following_id: @user.id), html: {method: :delete}) do |f| %>
    37: 								<%= f.submit "Unffolow" %>
    38: 								<% end %>
    39: 							<% end %>
  
app/views/users/index.html.erb:36:in `block (2 levels) in _app_views_users_index_html_erb___3877931378388711733_47080596672240'
app/views/users/index.html.erb:33:in `block in _app_views_users_index_html_erb___3877931378388711733_47080596672240'
app/views/users/index.html.erb:24:in `_app_views_users_index_html_erb___3877931378388711733_47080596672240'
Started GET "/users" for 10.0.2.2 at 2020-03-06 05:31:29 +0000
Processing by UsersController#index as HTML
  [1m[36mUser Load (0.6ms)[0m  [1m[34mSELECT  "users".* FROM "users" WHERE "users"."id" = ? ORDER BY "users"."id" ASC LIMIT ?[0m  [["id", 2], ["LIMIT", 1]]
  â†³ /var/lib/gems/2.5.0/gems/activerecord-5.2.4/lib/active_record/log_subscriber.rb:98
  Rendering users/index.html.erb within layouts/application
  [1m[35m (0.6ms)[0m  [1m[34mSELECT COUNT(*) FROM "users" INNER JOIN "relationships" ON "users"."id" = "relationships"."following_id" WHERE "relationships"."follower_id" = ?[0m  [["follower_id", 2]]
  â†³ app/views/users/_profile.html.erb:16
  [1m[35m (0.3ms)[0m  [1m[34mSELECT COUNT(*) FROM "users" INNER JOIN "relationships" ON "users"."id" = "relationships"."follower_id" WHERE "relationships"."following_id" = ?[0m  [["following_id", 2]]
  â†³ app/views/users/_profile.html.erb:23
  Rendered users/_follow_form.html.erb (0.8ms)
  Rendered users/_profile.html.erb (13.3ms)
  Rendered books/_newform.html.erb (4.3ms)
  [1m[36mUser Load (0.8ms)[0m  [1m[34mSELECT "users".* FROM "users"[0m
  â†³ app/views/users/index.html.erb:24
  [1m[35m (0.9ms)[0m  [1m[34mSELECT COUNT(*) FROM "users" INNER JOIN "relationships" ON "users"."id" = "relationships"."following_id" WHERE "relationships"."follower_id" = ?[0m  [["follower_id", 1]]
  â†³ app/views/users/index.html.erb:28
  [1m[35m (6.5ms)[0m  [1m[34mSELECT COUNT(*) FROM "users" INNER JOIN "relationships" ON "users"."id" = "relationships"."follower_id" WHERE "relationships"."following_id" = ?[0m  [["following_id", 1]]
  â†³ app/views/users/index.html.erb:29
  [1m[36mRelationship Load (0.4ms)[0m  [1m[34mSELECT  "relationships".* FROM "relationships" WHERE "relationships"."follower_id" = ? AND "relationships"."following_id" = ? LIMIT ?[0m  [["follower_id", 2], ["following_id", 1], ["LIMIT", 1]]
  â†³ app/models/user.rb:20
  [1m[36mRelationship Load (0.2ms)[0m  [1m[34mSELECT  "relationships".* FROM "relationships" WHERE "relationships"."follower_id" = ? AND "relationships"."following_id" = ? LIMIT ?[0m  [["follower_id", 2], ["following_id", 2], ["LIMIT", 1]]
  â†³ app/views/users/index.html.erb:36
  Rendered users/index.html.erb within layouts/application (105.7ms)
Completed 500 Internal Server Error in 148ms (ActiveRecord: 10.3ms)


  
ActionView::Template::Error (First argument in form cannot contain nil or be empty):
    33: 								 <% form_for(current_user.following_relationships.build(following_id: user.id)) do |f| %>
    34: 								 <% f.submit "Follow" %>
    35: 							<% else %>
    36: 								<%= form_for(current_user.following_relationships.find_by(following_id: @user.id), html: {method: :delete}) do |f| %>
    37: 								<%= f.submit "Unffolow" %>
    38: 								<% end %>
    39: 							<% end %>
  
app/views/users/index.html.erb:36:in `block (2 levels) in _app_views_users_index_html_erb___3877931378388711733_47080595725900'
app/views/users/index.html.erb:33:in `block in _app_views_users_index_html_erb___3877931378388711733_47080595725900'
app/views/users/index.html.erb:24:in `_app_views_users_index_html_erb___3877931378388711733_47080595725900'
Started GET "/users" for 10.0.2.2 at 2020-03-06 05:31:30 +0000
Processing by UsersController#index as HTML
  [1m[36mUser Load (0.7ms)[0m  [1m[34mSELECT  "users".* FROM "users" WHERE "users"."id" = ? ORDER BY "users"."id" ASC LIMIT ?[0m  [["id", 2], ["LIMIT", 1]]
  â†³ /var/lib/gems/2.5.0/gems/activerecord-5.2.4/lib/active_record/log_subscriber.rb:98
  Rendering users/index.html.erb within layouts/application
  [1m[35m (0.6ms)[0m  [1m[34mSELECT COUNT(*) FROM "users" INNER JOIN "relationships" ON "users"."id" = "relationships"."following_id" WHERE "relationships"."follower_id" = ?[0m  [["follower_id", 2]]
  â†³ app/views/users/_profile.html.erb:16
  [1m[35m (0.4ms)[0m  [1m[34mSELECT COUNT(*) FROM "users" INNER JOIN "relationships" ON "users"."id" = "relationships"."follower_id" WHERE "relationships"."following_id" = ?[0m  [["following_id", 2]]
  â†³ app/views/users/_profile.html.erb:23
  Rendered users/_follow_form.html.erb (0.4ms)
  Rendered users/_profile.html.erb (14.9ms)
  Rendered books/_newform.html.erb (1.4ms)
  [1m[36mUser Load (0.4ms)[0m  [1m[34mSELECT "users".* FROM "users"[0m
  â†³ app/views/users/index.html.erb:24
  [1m[35m (1.4ms)[0m  [1m[34mSELECT COUNT(*) FROM "users" INNER JOIN "relationships" ON "users"."id" = "relationships"."following_id" WHERE "relationships"."follower_id" = ?[0m  [["follower_id", 1]]
  â†³ app/views/users/index.html.erb:28
  [1m[35m (0.6ms)[0m  [1m[34mSELECT COUNT(*) FROM "users" INNER JOIN "relationships" ON "users"."id" = "relationships"."follower_id" WHERE "relationships"."following_id" = ?[0m  [["following_id", 1]]
  â†³ app/views/users/index.html.erb:29
  [1m[36mRelationship Load (0.4ms)[0m  [1m[34mSELECT  "relationships".* FROM "relationships" WHERE "relationships"."follower_id" = ? AND "relationships"."following_id" = ? LIMIT ?[0m  [["follower_id", 2], ["following_id", 1], ["LIMIT", 1]]
  â†³ app/models/user.rb:20
  [1m[36mRelationship Load (0.5ms)[0m  [1m[34mSELECT  "relationships".* FROM "relationships" WHERE "relationships"."follower_id" = ? AND "relationships"."following_id" = ? LIMIT ?[0m  [["follower_id", 2], ["following_id", 2], ["LIMIT", 1]]
  â†³ app/views/users/index.html.erb:36
  Rendered users/index.html.erb within layouts/application (52.5ms)
Completed 500 Internal Server Error in 72ms (ActiveRecord: 5.0ms)


  
ActionView::Template::Error (First argument in form cannot contain nil or be empty):
    33: 								 <% form_for(current_user.following_relationships.build(following_id: user.id)) do |f| %>
    34: 								 <% f.submit "Follow" %>
    35: 							<% else %>
    36: 								<%= form_for(current_user.following_relationships.find_by(following_id: @user.id), html: {method: :delete}) do |f| %>
    37: 								<%= f.submit "Unffolow" %>
    38: 								<% end %>
    39: 							<% end %>
  
app/views/users/index.html.erb:36:in `block (2 levels) in _app_views_users_index_html_erb___3877931378388711733_47080590446920'
app/views/users/index.html.erb:33:in `block in _app_views_users_index_html_erb___3877931378388711733_47080590446920'
app/views/users/index.html.erb:24:in `_app_views_users_index_html_erb___3877931378388711733_47080590446920'
Started GET "/users" for 10.0.2.2 at 2020-03-06 06:20:52 +0000
Processing by UsersController#index as HTML
  [1m[36mUser Load (0.7ms)[0m  [1m[34mSELECT  "users".* FROM "users" WHERE "users"."id" = ? ORDER BY "users"."id" ASC LIMIT ?[0m  [["id", 2], ["LIMIT", 1]]
  â†³ /var/lib/gems/2.5.0/gems/activerecord-5.2.4/lib/active_record/log_subscriber.rb:98
  Rendering users/index.html.erb within layouts/application
  [1m[35m (0.8ms)[0m  [1m[34mSELECT COUNT(*) FROM "users" INNER JOIN "relationships" ON "users"."id" = "relationships"."following_id" WHERE "relationships"."follower_id" = ?[0m  [["follower_id", 2]]
  â†³ app/views/users/_profile.html.erb:16
  [1m[35m (1.0ms)[0m  [1m[34mSELECT COUNT(*) FROM "users" INNER JOIN "relationships" ON "users"."id" = "relationships"."follower_id" WHERE "relationships"."following_id" = ?[0m  [["following_id", 2]]
  â†³ app/views/users/_profile.html.erb:23
  Rendered users/_follow_form.html.erb (0.6ms)
  Rendered users/_profile.html.erb (16.7ms)
  Rendered books/_newform.html.erb (1.7ms)
  [1m[36mUser Load (0.7ms)[0m  [1m[34mSELECT "users".* FROM "users"[0m
  â†³ app/views/users/index.html.erb:24
  [1m[35m (0.7ms)[0m  [1m[34mSELECT COUNT(*) FROM "users" INNER JOIN "relationships" ON "users"."id" = "relationships"."following_id" WHERE "relationships"."follower_id" = ?[0m  [["follower_id", 1]]
  â†³ app/views/users/index.html.erb:28
  [1m[35m (1.0ms)[0m  [1m[34mSELECT COUNT(*) FROM "users" INNER JOIN "relationships" ON "users"."id" = "relationships"."follower_id" WHERE "relationships"."following_id" = ?[0m  [["following_id", 1]]
  â†³ app/views/users/index.html.erb:29
  [1m[36mRelationship Load (0.3ms)[0m  [1m[34mSELECT  "relationships".* FROM "relationships" WHERE "relationships"."follower_id" = ? AND "relationships"."following_id" = ? LIMIT ?[0m  [["follower_id", 2], ["following_id", 1], ["LIMIT", 1]]
  â†³ app/models/user.rb:20
  [1m[36mCACHE Relationship Load (0.0ms)[0m  [1m[34mSELECT  "relationships".* FROM "relationships" WHERE "relationships"."follower_id" = ? AND "relationships"."following_id" = ? LIMIT ?[0m  [["follower_id", 2], ["following_id", 1], ["LIMIT", 1]]
  â†³ app/views/users/index.html.erb:36
  [1m[35mCACHE  (0.0ms)[0m  [1m[34mSELECT COUNT(*) FROM "users" INNER JOIN "relationships" ON "users"."id" = "relationships"."following_id" WHERE "relationships"."follower_id" = ?[0m  [["follower_id", 2]]
  â†³ app/views/users/index.html.erb:28
  [1m[35mCACHE  (0.1ms)[0m  [1m[34mSELECT COUNT(*) FROM "users" INNER JOIN "relationships" ON "users"."id" = "relationships"."follower_id" WHERE "relationships"."following_id" = ?[0m  [["following_id", 2]]
  â†³ app/views/users/index.html.erb:29
  [1m[36mRelationship Load (0.7ms)[0m  [1m[34mSELECT  "relationships".* FROM "relationships" WHERE "relationships"."follower_id" = ? AND "relationships"."following_id" = ? LIMIT ?[0m  [["follower_id", 2], ["following_id", 2], ["LIMIT", 1]]
  â†³ app/views/users/index.html.erb:52
  Rendered users/index.html.erb within layouts/application (94.2ms)
Completed 500 Internal Server Error in 130ms (ActiveRecord: 6.1ms)


  
ActionView::Template::Error (First argument in form cannot contain nil or be empty):
    49: 	</div>
    50: </div>
    51: 			<!--usersä¸€è¦§ -->
    52: 			<%= form_for(current_user.following_relationships.find_by(following_id: @user.id), html: { method: :delete }) do |f| %>
    53: 	<%= f.submit "Unfollow", class: "col-xs-8 btn btn-primary" %>
    54: <% end %>
  
app/views/users/index.html.erb:52:in `_app_views_users_index_html_erb___3877931378388711733_47080585046680'
Started GET "/users" for 10.0.2.2 at 2020-03-06 06:21:00 +0000
  [1m[35m (0.4ms)[0m  [1m[34mSELECT "schema_migrations"."version" FROM "schema_migrations" ORDER BY "schema_migrations"."version" ASC[0m
  â†³ /var/lib/gems/2.5.0/gems/activerecord-5.2.4/lib/active_record/log_subscriber.rb:98
Processing by UsersController#index as HTML
  [1m[36mUser Load (0.3ms)[0m  [1m[34mSELECT  "users".* FROM "users" WHERE "users"."id" = ? ORDER BY "users"."id" ASC LIMIT ?[0m  [["id", 2], ["LIMIT", 1]]
  â†³ /var/lib/gems/2.5.0/gems/activerecord-5.2.4/lib/active_record/log_subscriber.rb:98
  Rendering users/index.html.erb within layouts/application
  [1m[35m (0.6ms)[0m  [1m[34mSELECT COUNT(*) FROM "users" INNER JOIN "relationships" ON "users"."id" = "relationships"."following_id" WHERE "relationships"."follower_id" = ?[0m  [["follower_id", 2]]
  â†³ app/views/users/_profile.html.erb:16
  [1m[35m (0.4ms)[0m  [1m[34mSELECT COUNT(*) FROM "users" INNER JOIN "relationships" ON "users"."id" = "relationships"."follower_id" WHERE "relationships"."following_id" = ?[0m  [["following_id", 2]]
  â†³ app/views/users/_profile.html.erb:23
  Rendered users/_follow_form.html.erb (0.4ms)
  Rendered users/_profile.html.erb (23.9ms)
  Rendered books/_newform.html.erb (13.8ms)
  [1m[36mUser Load (0.4ms)[0m  [1m[34mSELECT "users".* FROM "users"[0m
  â†³ app/views/users/index.html.erb:24
  [1m[35m (0.2ms)[0m  [1m[34mSELECT COUNT(*) FROM "users" INNER JOIN "relationships" ON "users"."id" = "relationships"."following_id" WHERE "relationships"."follower_id" = ?[0m  [["follower_id", 1]]
  â†³ app/views/users/index.html.erb:28
  [1m[35m (0.5ms)[0m  [1m[34mSELECT COUNT(*) FROM "users" INNER JOIN "relationships" ON "users"."id" = "relationships"."follower_id" WHERE "relationships"."following_id" = ?[0m  [["following_id", 1]]
  â†³ app/views/users/index.html.erb:29
  [1m[36mRelationship Load (0.7ms)[0m  [1m[34mSELECT  "relationships".* FROM "relationships" WHERE "relationships"."follower_id" = ? AND "relationships"."following_id" = ? LIMIT ?[0m  [["follower_id", 2], ["following_id", 1], ["LIMIT", 1]]
  â†³ app/models/user.rb:20
  [1m[36mCACHE Relationship Load (0.0ms)[0m  [1m[34mSELECT  "relationships".* FROM "relationships" WHERE "relationships"."follower_id" = ? AND "relationships"."following_id" = ? LIMIT ?[0m  [["follower_id", 2], ["following_id", 1], ["LIMIT", 1]]
  â†³ app/views/users/index.html.erb:36
  [1m[35mCACHE  (0.1ms)[0m  [1m[34mSELECT COUNT(*) FROM "users" INNER JOIN "relationships" ON "users"."id" = "relationships"."following_id" WHERE "relationships"."follower_id" = ?[0m  [["follower_id", 2]]
  â†³ app/views/users/index.html.erb:28
  [1m[35mCACHE  (0.0ms)[0m  [1m[34mSELECT COUNT(*) FROM "users" INNER JOIN "relationships" ON "users"."id" = "relationships"."follower_id" WHERE "relationships"."following_id" = ?[0m  [["following_id", 2]]
  â†³ app/views/users/index.html.erb:29
  [1m[36mRelationship Load (0.5ms)[0m  [1m[34mSELECT  "relationships".* FROM "relationships" WHERE "relationships"."follower_id" = ? AND "relationships"."following_id" = ? LIMIT ?[0m  [["follower_id", 2], ["following_id", 2], ["LIMIT", 1]]
  â†³ app/views/users/index.html.erb:52
  Rendered users/index.html.erb within layouts/application (89.5ms)
Completed 500 Internal Server Error in 140ms (ActiveRecord: 7.9ms)


  
ActionView::Template::Error (First argument in form cannot contain nil or be empty):
    49: 	</div>
    50: </div>
    51: 			<!--usersä¸€è¦§ -->
    52: 			<%= form_for(current_user.following_relationships.find_by(following_id: @user.id), html: { method: :delete }) do |f| %>
    53: 	<%= f.submit "Unfollow", class: "col-xs-8 btn btn-primary" %>
    54: <% end %>
  
app/views/users/index.html.erb:52:in `_app_views_users_index_html_erb__3955828326020789184_47219146657420'
Started GET "/users" for 10.0.2.2 at 2020-03-06 06:22:01 +0000
Processing by UsersController#index as HTML
  [1m[36mUser Load (1.2ms)[0m  [1m[34mSELECT  "users".* FROM "users" WHERE "users"."id" = ? ORDER BY "users"."id" ASC LIMIT ?[0m  [["id", 2], ["LIMIT", 1]]
  â†³ /var/lib/gems/2.5.0/gems/activerecord-5.2.4/lib/active_record/log_subscriber.rb:98
  Rendering users/index.html.erb within layouts/application
  [1m[35m (0.5ms)[0m  [1m[34mSELECT COUNT(*) FROM "users" INNER JOIN "relationships" ON "users"."id" = "relationships"."following_id" WHERE "relationships"."follower_id" = ?[0m  [["follower_id", 2]]
  â†³ app/views/users/_profile.html.erb:16
  [1m[35m (0.5ms)[0m  [1m[34mSELECT COUNT(*) FROM "users" INNER JOIN "relationships" ON "users"."id" = "relationships"."follower_id" WHERE "relationships"."following_id" = ?[0m  [["following_id", 2]]
  â†³ app/views/users/_profile.html.erb:23
  Rendered users/_follow_form.html.erb (0.6ms)
  Rendered users/_profile.html.erb (17.0ms)
  Rendered books/_newform.html.erb (5.6ms)
  [1m[36mUser Load (0.8ms)[0m  [1m[34mSELECT "users".* FROM "users"[0m
  â†³ app/views/users/index.html.erb:24
  [1m[35m (0.5ms)[0m  [1m[34mSELECT COUNT(*) FROM "users" INNER JOIN "relationships" ON "users"."id" = "relationships"."following_id" WHERE "relationships"."follower_id" = ?[0m  [["follower_id", 1]]
  â†³ app/views/users/index.html.erb:28
  [1m[35m (0.6ms)[0m  [1m[34mSELECT COUNT(*) FROM "users" INNER JOIN "relationships" ON "users"."id" = "relationships"."follower_id" WHERE "relationships"."following_id" = ?[0m  [["following_id", 1]]
  â†³ app/views/users/index.html.erb:29
  [1m[36mRelationship Load (0.8ms)[0m  [1m[34mSELECT  "relationships".* FROM "relationships" WHERE "relationships"."follower_id" = ? AND "relationships"."following_id" = ? LIMIT ?[0m  [["follower_id", 2], ["following_id", 1], ["LIMIT", 1]]
  â†³ app/models/user.rb:20
  [1m[36mCACHE Relationship Load (0.0ms)[0m  [1m[34mSELECT  "relationships".* FROM "relationships" WHERE "relationships"."follower_id" = ? AND "relationships"."following_id" = ? LIMIT ?[0m  [["follower_id", 2], ["following_id", 1], ["LIMIT", 1]]
  â†³ app/views/users/index.html.erb:36
  [1m[35mCACHE  (0.0ms)[0m  [1m[34mSELECT COUNT(*) FROM "users" INNER JOIN "relationships" ON "users"."id" = "relationships"."following_id" WHERE "relationships"."follower_id" = ?[0m  [["follower_id", 2]]
  â†³ app/views/users/index.html.erb:28
  [1m[35mCACHE  (0.0ms)[0m  [1m[34mSELECT COUNT(*) FROM "users" INNER JOIN "relationships" ON "users"."id" = "relationships"."follower_id" WHERE "relationships"."following_id" = ?[0m  [["following_id", 2]]
  â†³ app/views/users/index.html.erb:29
  Rendered users/index.html.erb within layouts/application (61.2ms)
Completed 200 OK in 1006ms (Views: 990.7ms | ActiveRecord: 5.0ms)


Started GET "/users/2" for 10.0.2.2 at 2020-03-06 06:22:10 +0000
Processing by UsersController#show as HTML
  Parameters: {"id"=>"2"}
  [1m[36mUser Load (1.1ms)[0m  [1m[34mSELECT  "users".* FROM "users" WHERE "users"."id" = ? ORDER BY "users"."id" ASC LIMIT ?[0m  [["id", 2], ["LIMIT", 1]]
  â†³ /var/lib/gems/2.5.0/gems/activerecord-5.2.4/lib/active_record/log_subscriber.rb:98
  [1m[36mUser Load (0.7ms)[0m  [1m[34mSELECT  "users".* FROM "users" WHERE "users"."id" = ? LIMIT ?[0m  [["id", 2], ["LIMIT", 1]]
  â†³ app/controllers/users_controller.rb:6
  Rendering users/show.html.erb within layouts/application
  [1m[35m (0.6ms)[0m  [1m[34mSELECT COUNT(*) FROM "users" INNER JOIN "relationships" ON "users"."id" = "relationships"."following_id" WHERE "relationships"."follower_id" = ?[0m  [["follower_id", 2]]
  â†³ app/views/users/_profile.html.erb:16
  [1m[35m (0.7ms)[0m  [1m[34mSELECT COUNT(*) FROM "users" INNER JOIN "relationships" ON "users"."id" = "relationships"."follower_id" WHERE "relationships"."following_id" = ?[0m  [["following_id", 2]]
  â†³ app/views/users/_profile.html.erb:23
  Rendered users/_follow_form.html.erb (0.5ms)
  Rendered users/_profile.html.erb (11.0ms)
  Rendered books/_newform.html.erb (1.9ms)
  [1m[36mBook Load (1.3ms)[0m  [1m[34mSELECT "books".* FROM "books" WHERE "books"."user_id" = ?[0m  [["user_id", 2]]
  â†³ app/views/users/show.html.erb:27
  Rendered users/show.html.erb within layouts/application (31.7ms)
Completed 200 OK in 198ms (Views: 182.5ms | ActiveRecord: 4.4ms)


Started GET "/users" for 10.0.2.2 at 2020-03-06 06:22:12 +0000
Processing by UsersController#index as HTML
  [1m[36mUser Load (17.3ms)[0m  [1m[34mSELECT  "users".* FROM "users" WHERE "users"."id" = ? ORDER BY "users"."id" ASC LIMIT ?[0m  [["id", 2], ["LIMIT", 1]]
  â†³ /var/lib/gems/2.5.0/gems/activerecord-5.2.4/lib/active_record/log_subscriber.rb:98
  Rendering users/index.html.erb within layouts/application
  [1m[35m (1.0ms)[0m  [1m[34mSELECT COUNT(*) FROM "users" INNER JOIN "relationships" ON "users"."id" = "relationships"."following_id" WHERE "relationships"."follower_id" = ?[0m  [["follower_id", 2]]
  â†³ app/views/users/_profile.html.erb:16
  [1m[35m (1.5ms)[0m  [1m[34mSELECT COUNT(*) FROM "users" INNER JOIN "relationships" ON "users"."id" = "relationships"."follower_id" WHERE "relationships"."following_id" = ?[0m  [["following_id", 2]]
  â†³ app/views/users/_profile.html.erb:23
  Rendered users/_follow_form.html.erb (0.7ms)
  Rendered users/_profile.html.erb (35.9ms)
  Rendered books/_newform.html.erb (1.4ms)
  [1m[36mUser Load (0.7ms)[0m  [1m[34mSELECT "users".* FROM "users"[0m
  â†³ app/views/users/index.html.erb:24
  [1m[35m (0.4ms)[0m  [1m[34mSELECT COUNT(*) FROM "users" INNER JOIN "relationships" ON "users"."id" = "relationships"."following_id" WHERE "relationships"."follower_id" = ?[0m  [["follower_id", 1]]
  â†³ app/views/users/index.html.erb:28
  [1m[35m (0.5ms)[0m  [1m[34mSELECT COUNT(*) FROM "users" INNER JOIN "relationships" ON "users"."id" = "relationships"."follower_id" WHERE "relationships"."following_id" = ?[0m  [["following_id", 1]]
  â†³ app/views/users/index.html.erb:29
  [1m[36mRelationship Load (0.3ms)[0m  [1m[34mSELECT  "relationships".* FROM "relationships" WHERE "relationships"."follower_id" = ? AND "relationships"."following_id" = ? LIMIT ?[0m  [["follower_id", 2], ["following_id", 1], ["LIMIT", 1]]
  â†³ app/models/user.rb:20
  [1m[36mCACHE Relationship Load (0.0ms)[0m  [1m[34mSELECT  "relationships".* FROM "relationships" WHERE "relationships"."follower_id" = ? AND "relationships"."following_id" = ? LIMIT ?[0m  [["follower_id", 2], ["following_id", 1], ["LIMIT", 1]]
  â†³ app/views/users/index.html.erb:36
  [1m[35mCACHE  (0.0ms)[0m  [1m[34mSELECT COUNT(*) FROM "users" INNER JOIN "relationships" ON "users"."id" = "relationships"."following_id" WHERE "relationships"."follower_id" = ?[0m  [["follower_id", 2]]
  â†³ app/views/users/index.html.erb:28
  [1m[35mCACHE  (0.0ms)[0m  [1m[34mSELECT COUNT(*) FROM "users" INNER JOIN "relationships" ON "users"."id" = "relationships"."follower_id" WHERE "relationships"."following_id" = ?[0m  [["following_id", 2]]
  â†³ app/views/users/index.html.erb:29
  Rendered users/index.html.erb within layouts/application (67.9ms)
Completed 200 OK in 285ms (Views: 213.3ms | ActiveRecord: 21.7ms)


Started GET "/users/1" for 10.0.2.2 at 2020-03-06 06:22:13 +0000
Processing by UsersController#show as HTML
  Parameters: {"id"=>"1"}
  [1m[36mUser Load (2.5ms)[0m  [1m[34mSELECT  "users".* FROM "users" WHERE "users"."id" = ? ORDER BY "users"."id" ASC LIMIT ?[0m  [["id", 2], ["LIMIT", 1]]
  â†³ /var/lib/gems/2.5.0/gems/activerecord-5.2.4/lib/active_record/log_subscriber.rb:98
  [1m[36mUser Load (2.0ms)[0m  [1m[34mSELECT  "users".* FROM "users" WHERE "users"."id" = ? LIMIT ?[0m  [["id", 1], ["LIMIT", 1]]
  â†³ app/controllers/users_controller.rb:6
  Rendering users/show.html.erb within layouts/application
  [1m[35m (0.4ms)[0m  [1m[34mSELECT COUNT(*) FROM "users" INNER JOIN "relationships" ON "users"."id" = "relationships"."following_id" WHERE "relationships"."follower_id" = ?[0m  [["follower_id", 1]]
  â†³ app/views/users/_profile.html.erb:16
  [1m[35m (0.5ms)[0m  [1m[34mSELECT COUNT(*) FROM "users" INNER JOIN "relationships" ON "users"."id" = "relationships"."follower_id" WHERE "relationships"."following_id" = ?[0m  [["following_id", 1]]
  â†³ app/views/users/_profile.html.erb:23
  [1m[36mRelationship Load (0.7ms)[0m  [1m[34mSELECT  "relationships".* FROM "relationships" WHERE "relationships"."follower_id" = ? AND "relationships"."following_id" = ? LIMIT ?[0m  [["follower_id", 2], ["following_id", 1], ["LIMIT", 1]]
  â†³ app/models/user.rb:20
  [1m[36mCACHE Relationship Load (0.0ms)[0m  [1m[34mSELECT  "relationships".* FROM "relationships" WHERE "relationships"."follower_id" = ? AND "relationships"."following_id" = ? LIMIT ?[0m  [["follower_id", 2], ["following_id", 1], ["LIMIT", 1]]
  â†³ app/views/users/_unfollow.html.erb:1
  Rendered users/_unfollow.html.erb (2.8ms)
  Rendered users/_follow_form.html.erb (12.1ms)
  Rendered users/_profile.html.erb (22.6ms)
  Rendered books/_newform.html.erb (1.6ms)
  [1m[36mBook Load (0.4ms)[0m  [1m[34mSELECT "books".* FROM "books" WHERE "books"."user_id" = ?[0m  [["user_id", 1]]
  â†³ app/views/users/show.html.erb:27
  Rendered users/show.html.erb within layouts/application (33.7ms)
Completed 200 OK in 213ms (Views: 151.7ms | ActiveRecord: 6.5ms)


Started GET "/users" for 10.0.2.2 at 2020-03-06 06:22:17 +0000
Processing by UsersController#index as HTML
  [1m[36mUser Load (4.2ms)[0m  [1m[34mSELECT  "users".* FROM "users" WHERE "users"."id" = ? ORDER BY "users"."id" ASC LIMIT ?[0m  [["id", 2], ["LIMIT", 1]]
  â†³ /var/lib/gems/2.5.0/gems/activerecord-5.2.4/lib/active_record/log_subscriber.rb:98
  Rendering users/index.html.erb within layouts/application
  [1m[35m (0.7ms)[0m  [1m[34mSELECT COUNT(*) FROM "users" INNER JOIN "relationships" ON "users"."id" = "relationships"."following_id" WHERE "relationships"."follower_id" = ?[0m  [["follower_id", 2]]
  â†³ app/views/users/_profile.html.erb:16
  [1m[35m (0.7ms)[0m  [1m[34mSELECT COUNT(*) FROM "users" INNER JOIN "relationships" ON "users"."id" = "relationships"."follower_id" WHERE "relationships"."following_id" = ?[0m  [["following_id", 2]]
  â†³ app/views/users/_profile.html.erb:23
  Rendered users/_follow_form.html.erb (0.6ms)
  Rendered users/_profile.html.erb (14.7ms)
  Rendered books/_newform.html.erb (2.1ms)
  [1m[36mUser Load (0.5ms)[0m  [1m[34mSELECT "users".* FROM "users"[0m
  â†³ app/views/users/index.html.erb:24
  [1m[35m (0.9ms)[0m  [1m[34mSELECT COUNT(*) FROM "users" INNER JOIN "relationships" ON "users"."id" = "relationships"."following_id" WHERE "relationships"."follower_id" = ?[0m  [["follower_id", 1]]
  â†³ app/views/users/index.html.erb:28
  [1m[35m (1.2ms)[0m  [1m[34mSELECT COUNT(*) FROM "users" INNER JOIN "relationships" ON "users"."id" = "relationships"."follower_id" WHERE "relationships"."following_id" = ?[0m  [["following_id", 1]]
  â†³ app/views/users/index.html.erb:29
  [1m[36mRelationship Load (0.6ms)[0m  [1m[34mSELECT  "relationships".* FROM "relationships" WHERE "relationships"."follower_id" = ? AND "relationships"."following_id" = ? LIMIT ?[0m  [["follower_id", 2], ["following_id", 1], ["LIMIT", 1]]
  â†³ app/models/user.rb:20
  [1m[36mCACHE Relationship Load (0.0ms)[0m  [1m[34mSELECT  "relationships".* FROM "relationships" WHERE "relationships"."follower_id" = ? AND "relationships"."following_id" = ? LIMIT ?[0m  [["follower_id", 2], ["following_id", 1], ["LIMIT", 1]]
  â†³ app/views/users/index.html.erb:36
  [1m[35mCACHE  (0.0ms)[0m  [1m[34mSELECT COUNT(*) FROM "users" INNER JOIN "relationships" ON "users"."id" = "relationships"."following_id" WHERE "relationships"."follower_id" = ?[0m  [["follower_id", 2]]
  â†³ app/views/users/index.html.erb:28
  [1m[35mCACHE  (0.0ms)[0m  [1m[34mSELECT COUNT(*) FROM "users" INNER JOIN "relationships" ON "users"."id" = "relationships"."follower_id" WHERE "relationships"."following_id" = ?[0m  [["following_id", 2]]
  â†³ app/views/users/index.html.erb:29
  Rendered users/index.html.erb within layouts/application (47.8ms)
Completed 200 OK in 228ms (Views: 178.4ms | ActiveRecord: 8.8ms)


Started GET "/users/2" for 10.0.2.2 at 2020-03-06 06:22:18 +0000
Processing by UsersController#show as HTML
  Parameters: {"id"=>"2"}
  [1m[36mUser Load (3.8ms)[0m  [1m[34mSELECT  "users".* FROM "users" WHERE "users"."id" = ? ORDER BY "users"."id" ASC LIMIT ?[0m  [["id", 2], ["LIMIT", 1]]
  â†³ /var/lib/gems/2.5.0/gems/activerecord-5.2.4/lib/active_record/log_subscriber.rb:98
  [1m[36mUser Load (6.1ms)[0m  [1m[34mSELECT  "users".* FROM "users" WHERE "users"."id" = ? LIMIT ?[0m  [["id", 2], ["LIMIT", 1]]
  â†³ app/controllers/users_controller.rb:6
  Rendering users/show.html.erb within layouts/application
  [1m[35m (3.0ms)[0m  [1m[34mSELECT COUNT(*) FROM "users" INNER JOIN "relationships" ON "users"."id" = "relationships"."following_id" WHERE "relationships"."follower_id" = ?[0m  [["follower_id", 2]]
  â†³ app/views/users/_profile.html.erb:16
  [1m[35m (1.2ms)[0m  [1m[34mSELECT COUNT(*) FROM "users" INNER JOIN "relationships" ON "users"."id" = "relationships"."follower_id" WHERE "relationships"."following_id" = ?[0m  [["following_id", 2]]
  â†³ app/views/users/_profile.html.erb:23
  Rendered users/_follow_form.html.erb (1.3ms)
  Rendered users/_profile.html.erb (20.3ms)
  Rendered books/_newform.html.erb (1.5ms)
  [1m[36mBook Load (0.5ms)[0m  [1m[34mSELECT "books".* FROM "books" WHERE "books"."user_id" = ?[0m  [["user_id", 2]]
  â†³ app/views/users/show.html.erb:27
  Rendered users/show.html.erb within layouts/application (37.1ms)
Completed 200 OK in 218ms (Views: 140.9ms | ActiveRecord: 14.7ms)


Started GET "/users" for 10.0.2.2 at 2020-03-06 06:22:19 +0000
Processing by UsersController#index as HTML
  [1m[36mUser Load (3.2ms)[0m  [1m[34mSELECT  "users".* FROM "users" WHERE "users"."id" = ? ORDER BY "users"."id" ASC LIMIT ?[0m  [["id", 2], ["LIMIT", 1]]
  â†³ /var/lib/gems/2.5.0/gems/activerecord-5.2.4/lib/active_record/log_subscriber.rb:98
  Rendering users/index.html.erb within layouts/application
  [1m[35m (1.2ms)[0m  [1m[34mSELECT COUNT(*) FROM "users" INNER JOIN "relationships" ON "users"."id" = "relationships"."following_id" WHERE "relationships"."follower_id" = ?[0m  [["follower_id", 2]]
  â†³ app/views/users/_profile.html.erb:16
  [1m[35m (0.7ms)[0m  [1m[34mSELECT COUNT(*) FROM "users" INNER JOIN "relationships" ON "users"."id" = "relationships"."follower_id" WHERE "relationships"."following_id" = ?[0m  [["following_id", 2]]
  â†³ app/views/users/_profile.html.erb:23
  Rendered users/_follow_form.html.erb (0.6ms)
  Rendered users/_profile.html.erb (18.0ms)
  Rendered books/_newform.html.erb (2.1ms)
  [1m[36mUser Load (0.6ms)[0m  [1m[34mSELECT "users".* FROM "users"[0m
  â†³ app/views/users/index.html.erb:24
  [1m[35m (0.4ms)[0m  [1m[34mSELECT COUNT(*) FROM "users" INNER JOIN "relationships" ON "users"."id" = "relationships"."following_id" WHERE "relationships"."follower_id" = ?[0m  [["follower_id", 1]]
  â†³ app/views/users/index.html.erb:28
  [1m[35m (0.2ms)[0m  [1m[34mSELECT COUNT(*) FROM "users" INNER JOIN "relationships" ON "users"."id" = "relationships"."follower_id" WHERE "relationships"."following_id" = ?[0m  [["following_id", 1]]
  â†³ app/views/users/index.html.erb:29
  [1m[36mRelationship Load (0.3ms)[0m  [1m[34mSELECT  "relationships".* FROM "relationships" WHERE "relationships"."follower_id" = ? AND "relationships"."following_id" = ? LIMIT ?[0m  [["follower_id", 2], ["following_id", 1], ["LIMIT", 1]]
  â†³ app/models/user.rb:20
  [1m[36mCACHE Relationship Load (0.0ms)[0m  [1m[34mSELECT  "relationships".* FROM "relationships" WHERE "relationships"."follower_id" = ? AND "relationships"."following_id" = ? LIMIT ?[0m  [["follower_id", 2], ["following_id", 1], ["LIMIT", 1]]
  â†³ app/views/users/index.html.erb:36
  [1m[35mCACHE  (0.0ms)[0m  [1m[34mSELECT COUNT(*) FROM "users" INNER JOIN "relationships" ON "users"."id" = "relationships"."following_id" WHERE "relationships"."follower_id" = ?[0m  [["follower_id", 2]]
  â†³ app/views/users/index.html.erb:28
  [1m[35mCACHE  (0.0ms)[0m  [1m[34mSELECT COUNT(*) FROM "users" INNER JOIN "relationships" ON "users"."id" = "relationships"."follower_id" WHERE "relationships"."following_id" = ?[0m  [["following_id", 2]]
  â†³ app/views/users/index.html.erb:29
  Rendered users/index.html.erb within layouts/application (69.3ms)
Completed 200 OK in 263ms (Views: 210.9ms | ActiveRecord: 6.7ms)


Started GET "/books" for 10.0.2.2 at 2020-03-06 06:22:20 +0000
Processing by BooksController#index as HTML
  [1m[36mUser Load (6.1ms)[0m  [1m[34mSELECT  "users".* FROM "users" WHERE "users"."id" = ? ORDER BY "users"."id" ASC LIMIT ?[0m  [["id", 2], ["LIMIT", 1]]
  â†³ /var/lib/gems/2.5.0/gems/activerecord-5.2.4/lib/active_record/log_subscriber.rb:98
  Rendering books/index.html.erb within layouts/application
  [1m[35m (0.5ms)[0m  [1m[34mSELECT COUNT(*) FROM "users" INNER JOIN "relationships" ON "users"."id" = "relationships"."following_id" WHERE "relationships"."follower_id" = ?[0m  [["follower_id", 2]]
  â†³ app/views/users/_profile.html.erb:16
  [1m[35m (1.3ms)[0m  [1m[34mSELECT COUNT(*) FROM "users" INNER JOIN "relationships" ON "users"."id" = "relationships"."follower_id" WHERE "relationships"."following_id" = ?[0m  [["following_id", 2]]
  â†³ app/views/users/_profile.html.erb:23
  Rendered users/_follow_form.html.erb (0.5ms)
  Rendered users/_profile.html.erb (13.7ms)
  Rendered books/_newform.html.erb (2.1ms)
  [1m[36mBook Load (0.9ms)[0m  [1m[34mSELECT "books".* FROM "books"[0m
  â†³ app/views/books/index.html.erb:27
  [1m[36mUser Load (0.4ms)[0m  [1m[34mSELECT  "users".* FROM "users" WHERE "users"."id" = ? LIMIT ?[0m  [["id", 1], ["LIMIT", 1]]
  â†³ app/views/books/index.html.erb:30
  [1m[36mFavorite Exists (0.4ms)[0m  [1m[34mSELECT  1 AS one FROM "favorites" WHERE "favorites"."book_id" = ? AND "favorites"."user_id" = ? LIMIT ?[0m  [["book_id", 1], ["user_id", 2], ["LIMIT", 1]]
  â†³ app/models/book.rb:11
  [1m[35m (0.2ms)[0m  [1m[34mSELECT COUNT(*) FROM "favorites" WHERE "favorites"."book_id" = ?[0m  [["book_id", 1]]
  â†³ app/views/books/index.html.erb:50
  [1m[35m (0.4ms)[0m  [1m[34mSELECT COUNT(*) FROM "post_comments" WHERE "post_comments"."book_id" = ?[0m  [["book_id", 1]]
  â†³ app/views/books/index.html.erb:55
  [1m[36mUser Load (0.7ms)[0m  [1m[34mSELECT  "users".* FROM "users" WHERE "users"."id" = ? LIMIT ?[0m  [["id", 2], ["LIMIT", 1]]
  â†³ app/views/books/index.html.erb:30
  [1m[36mFavorite Exists (0.5ms)[0m  [1m[34mSELECT  1 AS one FROM "favorites" WHERE "favorites"."book_id" = ? AND "favorites"."user_id" = ? LIMIT ?[0m  [["book_id", 2], ["user_id", 2], ["LIMIT", 1]]
  â†³ app/models/book.rb:11
  [1m[35m (0.4ms)[0m  [1m[34mSELECT COUNT(*) FROM "favorites" WHERE "favorites"."book_id" = ?[0m  [["book_id", 2]]
  â†³ app/views/books/index.html.erb:50
  [1m[35m (0.5ms)[0m  [1m[34mSELECT COUNT(*) FROM "post_comments" WHERE "post_comments"."book_id" = ?[0m  [["book_id", 2]]
  â†³ app/views/books/index.html.erb:55
  [1m[36mCACHE User Load (0.0ms)[0m  [1m[34mSELECT  "users".* FROM "users" WHERE "users"."id" = ? LIMIT ?[0m  [["id", 2], ["LIMIT", 1]]
  â†³ app/views/books/index.html.erb:30
  [1m[36mFavorite Exists (0.7ms)[0m  [1m[34mSELECT  1 AS one FROM "favorites" WHERE "favorites"."book_id" = ? AND "favorites"."user_id" = ? LIMIT ?[0m  [["book_id", 3], ["user_id", 2], ["LIMIT", 1]]
  â†³ app/models/book.rb:11
  [1m[35m (0.4ms)[0m  [1m[34mSELECT COUNT(*) FROM "favorites" WHERE "favorites"."book_id" = ?[0m  [["book_id", 3]]
  â†³ app/views/books/index.html.erb:50
  [1m[35m (0.5ms)[0m  [1m[34mSELECT COUNT(*) FROM "post_comments" WHERE "post_comments"."book_id" = ?[0m  [["book_id", 3]]
  â†³ app/views/books/index.html.erb:55
  Rendered books/index.html.erb within layouts/application (68.7ms)
Completed 200 OK in 170ms (Views: 143.2ms | ActiveRecord: 15.9ms)


Started GET "/users" for 10.0.2.2 at 2020-03-06 06:22:22 +0000
Processing by UsersController#index as HTML
  [1m[36mUser Load (2.6ms)[0m  [1m[34mSELECT  "users".* FROM "users" WHERE "users"."id" = ? ORDER BY "users"."id" ASC LIMIT ?[0m  [["id", 2], ["LIMIT", 1]]
  â†³ /var/lib/gems/2.5.0/gems/activerecord-5.2.4/lib/active_record/log_subscriber.rb:98
  Rendering users/index.html.erb within layouts/application
  [1m[35m (0.7ms)[0m  [1m[34mSELECT COUNT(*) FROM "users" INNER JOIN "relationships" ON "users"."id" = "relationships"."following_id" WHERE "relationships"."follower_id" = ?[0m  [["follower_id", 2]]
  â†³ app/views/users/_profile.html.erb:16
  [1m[35m (0.6ms)[0m  [1m[34mSELECT COUNT(*) FROM "users" INNER JOIN "relationships" ON "users"."id" = "relationships"."follower_id" WHERE "relationships"."following_id" = ?[0m  [["following_id", 2]]
  â†³ app/views/users/_profile.html.erb:23
  Rendered users/_follow_form.html.erb (0.6ms)
  Rendered users/_profile.html.erb (22.4ms)
  Rendered books/_newform.html.erb (3.8ms)
  [1m[36mUser Load (0.6ms)[0m  [1m[34mSELECT "users".* FROM "users"[0m
  â†³ app/views/users/index.html.erb:24
  [1m[35m (0.5ms)[0m  [1m[34mSELECT COUNT(*) FROM "users" INNER JOIN "relationships" ON "users"."id" = "relationships"."following_id" WHERE "relationships"."follower_id" = ?[0m  [["follower_id", 1]]
  â†³ app/views/users/index.html.erb:28
  [1m[35m (0.7ms)[0m  [1m[34mSELECT COUNT(*) FROM "users" INNER JOIN "relationships" ON "users"."id" = "relationships"."follower_id" WHERE "relationships"."following_id" = ?[0m  [["following_id", 1]]
  â†³ app/views/users/index.html.erb:29
  [1m[36mRelationship Load (0.4ms)[0m  [1m[34mSELECT  "relationships".* FROM "relationships" WHERE "relationships"."follower_id" = ? AND "relationships"."following_id" = ? LIMIT ?[0m  [["follower_id", 2], ["following_id", 1], ["LIMIT", 1]]
  â†³ app/models/user.rb:20
  [1m[36mCACHE Relationship Load (0.0ms)[0m  [1m[34mSELECT  "relationships".* FROM "relationships" WHERE "relationships"."follower_id" = ? AND "relationships"."following_id" = ? LIMIT ?[0m  [["follower_id", 2], ["following_id", 1], ["LIMIT", 1]]
  â†³ app/views/users/index.html.erb:36
  [1m[35mCACHE  (0.0ms)[0m  [1m[34mSELECT COUNT(*) FROM "users" INNER JOIN "relationships" ON "users"."id" = "relationships"."following_id" WHERE "relationships"."follower_id" = ?[0m  [["follower_id", 2]]
  â†³ app/views/users/index.html.erb:28
  [1m[35mCACHE  (0.0ms)[0m  [1m[34mSELECT COUNT(*) FROM "users" INNER JOIN "relationships" ON "users"."id" = "relationships"."follower_id" WHERE "relationships"."following_id" = ?[0m  [["following_id", 2]]
  â†³ app/views/users/index.html.erb:29
  Rendered users/index.html.erb within layouts/application (95.8ms)
Completed 200 OK in 310ms (Views: 294.8ms | ActiveRecord: 6.1ms)


Started GET "/users" for 10.0.2.2 at 2020-03-06 06:22:24 +0000
Processing by UsersController#index as HTML
  [1m[36mUser Load (0.9ms)[0m  [1m[34mSELECT  "users".* FROM "users" WHERE "users"."id" = ? ORDER BY "users"."id" ASC LIMIT ?[0m  [["id", 2], ["LIMIT", 1]]
  â†³ /var/lib/gems/2.5.0/gems/activerecord-5.2.4/lib/active_record/log_subscriber.rb:98
  Rendering users/index.html.erb within layouts/application
  [1m[35m (0.5ms)[0m  [1m[34mSELECT COUNT(*) FROM "users" INNER JOIN "relationships" ON "users"."id" = "relationships"."following_id" WHERE "relationships"."follower_id" = ?[0m  [["follower_id", 2]]
  â†³ app/views/users/_profile.html.erb:16
  [1m[35m (0.6ms)[0m  [1m[34mSELECT COUNT(*) FROM "users" INNER JOIN "relationships" ON "users"."id" = "relationships"."follower_id" WHERE "relationships"."following_id" = ?[0m  [["following_id", 2]]
  â†³ app/views/users/_profile.html.erb:23
  Rendered users/_follow_form.html.erb (0.4ms)
  Rendered users/_profile.html.erb (14.6ms)
  Rendered books/_newform.html.erb (1.6ms)
  [1m[36mUser Load (0.5ms)[0m  [1m[34mSELECT "users".* FROM "users"[0m
  â†³ app/views/users/index.html.erb:24
  [1m[35m (0.3ms)[0m  [1m[34mSELECT COUNT(*) FROM "users" INNER JOIN "relationships" ON "users"."id" = "relationships"."following_id" WHERE "relationships"."follower_id" = ?[0m  [["follower_id", 1]]
  â†³ app/views/users/index.html.erb:28
  [1m[35m (0.6ms)[0m  [1m[34mSELECT COUNT(*) FROM "users" INNER JOIN "relationships" ON "users"."id" = "relationships"."follower_id" WHERE "relationships"."following_id" = ?[0m  [["following_id", 1]]
  â†³ app/views/users/index.html.erb:29
  [1m[36mRelationship Load (0.3ms)[0m  [1m[34mSELECT  "relationships".* FROM "relationships" WHERE "relationships"."follower_id" = ? AND "relationships"."following_id" = ? LIMIT ?[0m  [["follower_id", 2], ["following_id", 1], ["LIMIT", 1]]
  â†³ app/models/user.rb:20
  [1m[36mCACHE Relationship Load (0.0ms)[0m  [1m[34mSELECT  "relationships".* FROM "relationships" WHERE "relationships"."follower_id" = ? AND "relationships"."following_id" = ? LIMIT ?[0m  [["follower_id", 2], ["following_id", 1], ["LIMIT", 1]]
  â†³ app/views/users/index.html.erb:36
  [1m[35mCACHE  (0.0ms)[0m  [1m[34mSELECT COUNT(*) FROM "users" INNER JOIN "relationships" ON "users"."id" = "relationships"."following_id" WHERE "relationships"."follower_id" = ?[0m  [["follower_id", 2]]
  â†³ app/views/users/index.html.erb:28
  [1m[35mCACHE  (0.0ms)[0m  [1m[34mSELECT COUNT(*) FROM "users" INNER JOIN "relationships" ON "users"."id" = "relationships"."follower_id" WHERE "relationships"."following_id" = ?[0m  [["following_id", 2]]
  â†³ app/views/users/index.html.erb:29
  Rendered users/index.html.erb within layouts/application (38.9ms)
Completed 200 OK in 154ms (Views: 144.2ms | ActiveRecord: 3.7ms)


Started GET "/users" for 10.0.2.2 at 2020-03-06 06:22:58 +0000
Processing by UsersController#index as HTML
  [1m[36mUser Load (0.7ms)[0m  [1m[34mSELECT  "users".* FROM "users" WHERE "users"."id" = ? ORDER BY "users"."id" ASC LIMIT ?[0m  [["id", 2], ["LIMIT", 1]]
  â†³ /var/lib/gems/2.5.0/gems/activerecord-5.2.4/lib/active_record/log_subscriber.rb:98
  Rendering users/index.html.erb within layouts/application
  Rendered users/index.html.erb within layouts/application (1.8ms)
Completed 500 Internal Server Error in 78ms (ActiveRecord: 0.7ms)


  
SyntaxError (/vagrant/submissions2/bookers-task4/app/views/users/index.html.erb:54: syntax error, unexpected end-of-input, expecting keyword_end
          end
             ^):
  
app/views/users/index.html.erb:54: syntax error, unexpected end-of-input, expecting keyword_end
Started GET "/users" for 10.0.2.2 at 2020-03-06 06:23:48 +0000
Processing by UsersController#index as HTML
  [1m[36mUser Load (1.0ms)[0m  [1m[34mSELECT  "users".* FROM "users" WHERE "users"."id" = ? ORDER BY "users"."id" ASC LIMIT ?[0m  [["id", 2], ["LIMIT", 1]]
  â†³ /var/lib/gems/2.5.0/gems/activerecord-5.2.4/lib/active_record/log_subscriber.rb:98
  Rendering users/index.html.erb within layouts/application
  [1m[35m (6.3ms)[0m  [1m[34mSELECT COUNT(*) FROM "users" INNER JOIN "relationships" ON "users"."id" = "relationships"."following_id" WHERE "relationships"."follower_id" = ?[0m  [["follower_id", 2]]
  â†³ app/views/users/_profile.html.erb:16
  [1m[35m (0.6ms)[0m  [1m[34mSELECT COUNT(*) FROM "users" INNER JOIN "relationships" ON "users"."id" = "relationships"."follower_id" WHERE "relationships"."following_id" = ?[0m  [["following_id", 2]]
  â†³ app/views/users/_profile.html.erb:23
  Rendered users/_follow_form.html.erb (0.4ms)
  Rendered users/_profile.html.erb (27.9ms)
  Rendered books/_newform.html.erb (2.1ms)
  [1m[36mUser Load (3.2ms)[0m  [1m[34mSELECT "users".* FROM "users"[0m
  â†³ app/views/users/index.html.erb:24
  [1m[35m (1.2ms)[0m  [1m[34mSELECT COUNT(*) FROM "users" INNER JOIN "relationships" ON "users"."id" = "relationships"."following_id" WHERE "relationships"."follower_id" = ?[0m  [["follower_id", 1]]
  â†³ app/views/users/index.html.erb:28
  [1m[35m (1.0ms)[0m  [1m[34mSELECT COUNT(*) FROM "users" INNER JOIN "relationships" ON "users"."id" = "relationships"."follower_id" WHERE "relationships"."following_id" = ?[0m  [["following_id", 1]]
  â†³ app/views/users/index.html.erb:29
  [1m[36mRelationship Load (0.7ms)[0m  [1m[34mSELECT  "relationships".* FROM "relationships" WHERE "relationships"."follower_id" = ? AND "relationships"."following_id" = ? LIMIT ?[0m  [["follower_id", 2], ["following_id", 1], ["LIMIT", 1]]
  â†³ app/models/user.rb:20
  [1m[36mCACHE Relationship Load (0.0ms)[0m  [1m[34mSELECT  "relationships".* FROM "relationships" WHERE "relationships"."follower_id" = ? AND "relationships"."following_id" = ? LIMIT ?[0m  [["follower_id", 2], ["following_id", 1], ["LIMIT", 1]]
  â†³ app/views/users/index.html.erb:36
  [1m[35mCACHE  (0.0ms)[0m  [1m[34mSELECT COUNT(*) FROM "users" INNER JOIN "relationships" ON "users"."id" = "relationships"."following_id" WHERE "relationships"."follower_id" = ?[0m  [["follower_id", 2]]
  â†³ app/views/users/index.html.erb:28
  [1m[35mCACHE  (0.2ms)[0m  [1m[34mSELECT COUNT(*) FROM "users" INNER JOIN "relationships" ON "users"."id" = "relationships"."follower_id" WHERE "relationships"."following_id" = ?[0m  [["following_id", 2]]
  â†³ app/views/users/index.html.erb:29
  Rendered users/index.html.erb within layouts/application (183.0ms)
Completed 200 OK in 505ms (Views: 478.2ms | ActiveRecord: 14.3ms)


Started GET "/users" for 10.0.2.2 at 2020-03-06 06:24:05 +0000
Processing by UsersController#index as HTML
  [1m[36mUser Load (1.2ms)[0m  [1m[34mSELECT  "users".* FROM "users" WHERE "users"."id" = ? ORDER BY "users"."id" ASC LIMIT ?[0m  [["id", 2], ["LIMIT", 1]]
  â†³ /var/lib/gems/2.5.0/gems/activerecord-5.2.4/lib/active_record/log_subscriber.rb:98
  Rendering users/index.html.erb within layouts/application
  [1m[35m (0.4ms)[0m  [1m[34mSELECT COUNT(*) FROM "users" INNER JOIN "relationships" ON "users"."id" = "relationships"."following_id" WHERE "relationships"."follower_id" = ?[0m  [["follower_id", 2]]
  â†³ app/views/users/_profile.html.erb:16
  [1m[35m (0.4ms)[0m  [1m[34mSELECT COUNT(*) FROM "users" INNER JOIN "relationships" ON "users"."id" = "relationships"."follower_id" WHERE "relationships"."following_id" = ?[0m  [["following_id", 2]]
  â†³ app/views/users/_profile.html.erb:23
  Rendered users/_follow_form.html.erb (0.7ms)
  Rendered users/_profile.html.erb (17.2ms)
  Rendered books/_newform.html.erb (1.5ms)
  [1m[36mUser Load (0.5ms)[0m  [1m[34mSELECT "users".* FROM "users"[0m
  â†³ app/views/users/index.html.erb:24
  [1m[35m (0.6ms)[0m  [1m[34mSELECT COUNT(*) FROM "users" INNER JOIN "relationships" ON "users"."id" = "relationships"."following_id" WHERE "relationships"."follower_id" = ?[0m  [["follower_id", 1]]
  â†³ app/views/users/index.html.erb:28
  [1m[35m (0.8ms)[0m  [1m[34mSELECT COUNT(*) FROM "users" INNER JOIN "relationships" ON "users"."id" = "relationships"."follower_id" WHERE "relationships"."following_id" = ?[0m  [["following_id", 1]]
  â†³ app/views/users/index.html.erb:29
  [1m[36mRelationship Load (0.4ms)[0m  [1m[34mSELECT  "relationships".* FROM "relationships" WHERE "relationships"."follower_id" = ? AND "relationships"."following_id" = ? LIMIT ?[0m  [["follower_id", 2], ["following_id", 1], ["LIMIT", 1]]
  â†³ app/models/user.rb:20
  [1m[36mCACHE Relationship Load (0.0ms)[0m  [1m[34mSELECT  "relationships".* FROM "relationships" WHERE "relationships"."follower_id" = ? AND "relationships"."following_id" = ? LIMIT ?[0m  [["follower_id", 2], ["following_id", 1], ["LIMIT", 1]]
  â†³ app/views/users/index.html.erb:36
  [1m[35mCACHE  (0.0ms)[0m  [1m[34mSELECT COUNT(*) FROM "users" INNER JOIN "relationships" ON "users"."id" = "relationships"."following_id" WHERE "relationships"."follower_id" = ?[0m  [["follower_id", 2]]
  â†³ app/views/users/index.html.erb:28
  [1m[35mCACHE  (0.1ms)[0m  [1m[34mSELECT COUNT(*) FROM "users" INNER JOIN "relationships" ON "users"."id" = "relationships"."follower_id" WHERE "relationships"."following_id" = ?[0m  [["following_id", 2]]
  â†³ app/views/users/index.html.erb:29
  Rendered users/index.html.erb within layouts/application (69.8ms)
Completed 200 OK in 208ms (Views: 194.0ms | ActiveRecord: 4.3ms)


Started GET "/users" for 10.0.2.2 at 2020-03-06 06:24:22 +0000
Processing by UsersController#index as HTML
  [1m[36mUser Load (0.6ms)[0m  [1m[34mSELECT  "users".* FROM "users" WHERE "users"."id" = ? ORDER BY "users"."id" ASC LIMIT ?[0m  [["id", 2], ["LIMIT", 1]]
  â†³ /var/lib/gems/2.5.0/gems/activerecord-5.2.4/lib/active_record/log_subscriber.rb:98
  Rendering users/index.html.erb within layouts/application
  [1m[35m (0.4ms)[0m  [1m[34mSELECT COUNT(*) FROM "users" INNER JOIN "relationships" ON "users"."id" = "relationships"."following_id" WHERE "relationships"."follower_id" = ?[0m  [["follower_id", 2]]
  â†³ app/views/users/_profile.html.erb:16
  [1m[35m (2.2ms)[0m  [1m[34mSELECT COUNT(*) FROM "users" INNER JOIN "relationships" ON "users"."id" = "relationships"."follower_id" WHERE "relationships"."following_id" = ?[0m  [["following_id", 2]]
  â†³ app/views/users/_profile.html.erb:23
  Rendered users/_follow_form.html.erb (0.6ms)
  Rendered users/_profile.html.erb (18.0ms)
  Rendered books/_newform.html.erb (2.6ms)
  [1m[36mUser Load (1.6ms)[0m  [1m[34mSELECT "users".* FROM "users"[0m
  â†³ app/views/users/index.html.erb:24
  [1m[35m (1.4ms)[0m  [1m[34mSELECT COUNT(*) FROM "users" INNER JOIN "relationships" ON "users"."id" = "relationships"."following_id" WHERE "relationships"."follower_id" = ?[0m  [["follower_id", 1]]
  â†³ app/views/users/index.html.erb:28
  [1m[35m (0.8ms)[0m  [1m[34mSELECT COUNT(*) FROM "users" INNER JOIN "relationships" ON "users"."id" = "relationships"."follower_id" WHERE "relationships"."following_id" = ?[0m  [["following_id", 1]]
  â†³ app/views/users/index.html.erb:29
  [1m[36mRelationship Load (0.6ms)[0m  [1m[34mSELECT  "relationships".* FROM "relationships" WHERE "relationships"."follower_id" = ? AND "relationships"."following_id" = ? LIMIT ?[0m  [["follower_id", 2], ["following_id", 1], ["LIMIT", 1]]
  â†³ app/models/user.rb:20
  [1m[36mCACHE Relationship Load (0.0ms)[0m  [1m[34mSELECT  "relationships".* FROM "relationships" WHERE "relationships"."follower_id" = ? AND "relationships"."following_id" = ? LIMIT ?[0m  [["follower_id", 2], ["following_id", 1], ["LIMIT", 1]]
  â†³ app/views/users/index.html.erb:36
  [1m[35mCACHE  (0.0ms)[0m  [1m[34mSELECT COUNT(*) FROM "users" INNER JOIN "relationships" ON "users"."id" = "relationships"."following_id" WHERE "relationships"."follower_id" = ?[0m  [["follower_id", 2]]
  â†³ app/views/users/index.html.erb:28
  [1m[35mCACHE  (0.0ms)[0m  [1m[34mSELECT COUNT(*) FROM "users" INNER JOIN "relationships" ON "users"."id" = "relationships"."follower_id" WHERE "relationships"."following_id" = ?[0m  [["following_id", 2]]
  â†³ app/views/users/index.html.erb:29
  Rendered users/index.html.erb within layouts/application (62.2ms)
Completed 200 OK in 195ms (Views: 178.4ms | ActiveRecord: 7.6ms)


Started GET "/users" for 10.0.2.2 at 2020-03-06 06:24:56 +0000
Processing by UsersController#index as HTML
  [1m[36mUser Load (0.6ms)[0m  [1m[34mSELECT  "users".* FROM "users" WHERE "users"."id" = ? ORDER BY "users"."id" ASC LIMIT ?[0m  [["id", 2], ["LIMIT", 1]]
  â†³ /var/lib/gems/2.5.0/gems/activerecord-5.2.4/lib/active_record/log_subscriber.rb:98
  Rendering users/index.html.erb within layouts/application
  [1m[35m (0.6ms)[0m  [1m[34mSELECT COUNT(*) FROM "users" INNER JOIN "relationships" ON "users"."id" = "relationships"."following_id" WHERE "relationships"."follower_id" = ?[0m  [["follower_id", 2]]
  â†³ app/views/users/_profile.html.erb:16
  [1m[35m (0.8ms)[0m  [1m[34mSELECT COUNT(*) FROM "users" INNER JOIN "relationships" ON "users"."id" = "relationships"."follower_id" WHERE "relationships"."following_id" = ?[0m  [["following_id", 2]]
  â†³ app/views/users/_profile.html.erb:23
  Rendered users/_follow_form.html.erb (0.6ms)
  Rendered users/_profile.html.erb (40.6ms)
  Rendered books/_newform.html.erb (3.9ms)
  [1m[36mUser Load (0.4ms)[0m  [1m[34mSELECT "users".* FROM "users"[0m
  â†³ app/views/users/index.html.erb:24
  [1m[35m (0.5ms)[0m  [1m[34mSELECT COUNT(*) FROM "users" INNER JOIN "relationships" ON "users"."id" = "relationships"."following_id" WHERE "relationships"."follower_id" = ?[0m  [["follower_id", 1]]
  â†³ app/views/users/index.html.erb:28
  [1m[35m (0.5ms)[0m  [1m[34mSELECT COUNT(*) FROM "users" INNER JOIN "relationships" ON "users"."id" = "relationships"."follower_id" WHERE "relationships"."following_id" = ?[0m  [["following_id", 1]]
  â†³ app/views/users/index.html.erb:29
  [1m[36mRelationship Load (0.2ms)[0m  [1m[34mSELECT  "relationships".* FROM "relationships" WHERE "relationships"."follower_id" = ? AND "relationships"."following_id" = ? LIMIT ?[0m  [["follower_id", 2], ["following_id", 1], ["LIMIT", 1]]
  â†³ app/models/user.rb:20
  [1m[36mCACHE Relationship Load (0.1ms)[0m  [1m[34mSELECT  "relationships".* FROM "relationships" WHERE "relationships"."follower_id" = ? AND "relationships"."following_id" = ? LIMIT ?[0m  [["follower_id", 2], ["following_id", 1], ["LIMIT", 1]]
  â†³ app/views/users/index.html.erb:36
  [1m[35mCACHE  (0.1ms)[0m  [1m[34mSELECT COUNT(*) FROM "users" INNER JOIN "relationships" ON "users"."id" = "relationships"."following_id" WHERE "relationships"."follower_id" = ?[0m  [["follower_id", 2]]
  â†³ app/views/users/index.html.erb:28
  [1m[35mCACHE  (0.0ms)[0m  [1m[34mSELECT COUNT(*) FROM "users" INNER JOIN "relationships" ON "users"."id" = "relationships"."follower_id" WHERE "relationships"."following_id" = ?[0m  [["following_id", 2]]
  â†³ app/views/users/index.html.erb:29
  Rendered users/index.html.erb within layouts/application (92.4ms)
Completed 200 OK in 300ms (Views: 289.7ms | ActiveRecord: 3.9ms)


Started GET "/users" for 10.0.2.2 at 2020-03-06 06:25:16 +0000
Processing by UsersController#index as HTML
  [1m[36mUser Load (2.6ms)[0m  [1m[34mSELECT  "users".* FROM "users" WHERE "users"."id" = ? ORDER BY "users"."id" ASC LIMIT ?[0m  [["id", 2], ["LIMIT", 1]]
  â†³ /var/lib/gems/2.5.0/gems/activerecord-5.2.4/lib/active_record/log_subscriber.rb:98
  Rendering users/index.html.erb within layouts/application
  [1m[35m (0.5ms)[0m  [1m[34mSELECT COUNT(*) FROM "users" INNER JOIN "relationships" ON "users"."id" = "relationships"."following_id" WHERE "relationships"."follower_id" = ?[0m  [["follower_id", 2]]
  â†³ app/views/users/_profile.html.erb:16
  [1m[35m (0.7ms)[0m  [1m[34mSELECT COUNT(*) FROM "users" INNER JOIN "relationships" ON "users"."id" = "relationships"."follower_id" WHERE "relationships"."following_id" = ?[0m  [["following_id", 2]]
  â†³ app/views/users/_profile.html.erb:23
  Rendered users/_follow_form.html.erb (0.8ms)
  Rendered users/_profile.html.erb (22.2ms)
  Rendered books/_newform.html.erb (6.8ms)
  [1m[36mUser Load (0.5ms)[0m  [1m[34mSELECT "users".* FROM "users"[0m
  â†³ app/views/users/index.html.erb:24
  [1m[35m (0.5ms)[0m  [1m[34mSELECT COUNT(*) FROM "users" INNER JOIN "relationships" ON "users"."id" = "relationships"."following_id" WHERE "relationships"."follower_id" = ?[0m  [["follower_id", 1]]
  â†³ app/views/users/index.html.erb:28
  [1m[35m (0.8ms)[0m  [1m[34mSELECT COUNT(*) FROM "users" INNER JOIN "relationships" ON "users"."id" = "relationships"."follower_id" WHERE "relationships"."following_id" = ?[0m  [["following_id", 1]]
  â†³ app/views/users/index.html.erb:29
  [1m[36mRelationship Load (0.6ms)[0m  [1m[34mSELECT  "relationships".* FROM "relationships" WHERE "relationships"."follower_id" = ? AND "relationships"."following_id" = ? LIMIT ?[0m  [["follower_id", 2], ["following_id", 1], ["LIMIT", 1]]
  â†³ app/models/user.rb:20
  [1m[36mCACHE Relationship Load (0.0ms)[0m  [1m[34mSELECT  "relationships".* FROM "relationships" WHERE "relationships"."follower_id" = ? AND "relationships"."following_id" = ? LIMIT ?[0m  [["follower_id", 2], ["following_id", 1], ["LIMIT", 1]]
  â†³ app/views/users/index.html.erb:36
  [1m[35mCACHE  (0.0ms)[0m  [1m[34mSELECT COUNT(*) FROM "users" INNER JOIN "relationships" ON "users"."id" = "relationships"."following_id" WHERE "relationships"."follower_id" = ?[0m  [["follower_id", 2]]
  â†³ app/views/users/index.html.erb:28
  [1m[35mCACHE  (0.0ms)[0m  [1m[34mSELECT COUNT(*) FROM "users" INNER JOIN "relationships" ON "users"."id" = "relationships"."follower_id" WHERE "relationships"."following_id" = ?[0m  [["following_id", 2]]
  â†³ app/views/users/index.html.erb:29
  Rendered users/index.html.erb within layouts/application (68.8ms)
Completed 200 OK in 421ms (Views: 400.1ms | ActiveRecord: 6.2ms)


Started GET "/users" for 10.0.2.2 at 2020-03-06 06:25:45 +0000
Processing by UsersController#index as HTML
  [1m[36mUser Load (0.7ms)[0m  [1m[34mSELECT  "users".* FROM "users" WHERE "users"."id" = ? ORDER BY "users"."id" ASC LIMIT ?[0m  [["id", 2], ["LIMIT", 1]]
  â†³ /var/lib/gems/2.5.0/gems/activerecord-5.2.4/lib/active_record/log_subscriber.rb:98
  Rendering users/index.html.erb within layouts/application
  Rendered users/index.html.erb within layouts/application (2.1ms)
Completed 500 Internal Server Error in 32ms (ActiveRecord: 0.7ms)


  
SyntaxError (/vagrant/submissions2/bookers-task4/app/views/users/index.html.erb:53: syntax error, unexpected keyword_ensure, expecting end-of-input
          ensure
          ^~~~~~):
  
app/views/users/index.html.erb:53: syntax error, unexpected keyword_ensure, expecting end-of-input
Started GET "/users" for 10.0.2.2 at 2020-03-06 06:25:53 +0000
Processing by UsersController#index as HTML
  [1m[36mUser Load (3.0ms)[0m  [1m[34mSELECT  "users".* FROM "users" WHERE "users"."id" = ? ORDER BY "users"."id" ASC LIMIT ?[0m  [["id", 2], ["LIMIT", 1]]
  â†³ /var/lib/gems/2.5.0/gems/activerecord-5.2.4/lib/active_record/log_subscriber.rb:98
  Rendering users/index.html.erb within layouts/application
  [1m[35m (0.9ms)[0m  [1m[34mSELECT COUNT(*) FROM "users" INNER JOIN "relationships" ON "users"."id" = "relationships"."following_id" WHERE "relationships"."follower_id" = ?[0m  [["follower_id", 2]]
  â†³ app/views/users/_profile.html.erb:16
  [1m[35m (0.9ms)[0m  [1m[34mSELECT COUNT(*) FROM "users" INNER JOIN "relationships" ON "users"."id" = "relationships"."follower_id" WHERE "relationships"."following_id" = ?[0m  [["following_id", 2]]
  â†³ app/views/users/_profile.html.erb:23
  Rendered users/_follow_form.html.erb (0.7ms)
  Rendered users/_profile.html.erb (21.1ms)
  Rendered books/_newform.html.erb (5.0ms)
  [1m[36mUser Load (1.0ms)[0m  [1m[34mSELECT "users".* FROM "users"[0m
  â†³ app/views/users/index.html.erb:24
  [1m[35m (1.6ms)[0m  [1m[34mSELECT COUNT(*) FROM "users" INNER JOIN "relationships" ON "users"."id" = "relationships"."following_id" WHERE "relationships"."follower_id" = ?[0m  [["follower_id", 1]]
  â†³ app/views/users/index.html.erb:28
  [1m[35m (0.6ms)[0m  [1m[34mSELECT COUNT(*) FROM "users" INNER JOIN "relationships" ON "users"."id" = "relationships"."follower_id" WHERE "relationships"."following_id" = ?[0m  [["following_id", 1]]
  â†³ app/views/users/index.html.erb:29
  [1m[36mRelationship Load (1.1ms)[0m  [1m[34mSELECT  "relationships".* FROM "relationships" WHERE "relationships"."follower_id" = ? AND "relationships"."following_id" = ? LIMIT ?[0m  [["follower_id", 2], ["following_id", 1], ["LIMIT", 1]]
  â†³ app/models/user.rb:20
  [1m[36mCACHE Relationship Load (0.0ms)[0m  [1m[34mSELECT  "relationships".* FROM "relationships" WHERE "relationships"."follower_id" = ? AND "relationships"."following_id" = ? LIMIT ?[0m  [["follower_id", 2], ["following_id", 1], ["LIMIT", 1]]
  â†³ app/views/users/index.html.erb:36
  [1m[35mCACHE  (0.0ms)[0m  [1m[34mSELECT COUNT(*) FROM "users" INNER JOIN "relationships" ON "users"."id" = "relationships"."following_id" WHERE "relationships"."follower_id" = ?[0m  [["follower_id", 2]]
  â†³ app/views/users/index.html.erb:28
  [1m[35mCACHE  (0.0ms)[0m  [1m[34mSELECT COUNT(*) FROM "users" INNER JOIN "relationships" ON "users"."id" = "relationships"."follower_id" WHERE "relationships"."following_id" = ?[0m  [["following_id", 2]]
  â†³ app/views/users/index.html.erb:29
  [1m[36mRelationship Load (0.5ms)[0m  [1m[34mSELECT  "relationships".* FROM "relationships" WHERE "relationships"."follower_id" = ? AND "relationships"."following_id" = ? LIMIT ?[0m  [["follower_id", 2], ["following_id", 2], ["LIMIT", 1]]
  â†³ app/models/user.rb:20
  Rendered users/index.html.erb within layouts/application (66.6ms)
Completed 200 OK in 247ms (Views: 201.3ms | ActiveRecord: 9.7ms)


Started GET "/users" for 10.0.2.2 at 2020-03-06 06:26:44 +0000
Processing by UsersController#index as HTML
  [1m[36mUser Load (0.6ms)[0m  [1m[34mSELECT  "users".* FROM "users" WHERE "users"."id" = ? ORDER BY "users"."id" ASC LIMIT ?[0m  [["id", 2], ["LIMIT", 1]]
  â†³ /var/lib/gems/2.5.0/gems/activerecord-5.2.4/lib/active_record/log_subscriber.rb:98
  Rendering users/index.html.erb within layouts/application
  Rendered users/index.html.erb within layouts/application (3.1ms)
Completed 500 Internal Server Error in 25ms (ActiveRecord: 0.6ms)


  
SyntaxError (/vagrant/submissions2/bookers-task4/app/views/users/index.html.erb:46: syntax error, unexpected keyword_end, expecting end-of-input
'.freeze;					 end 
         					 ^~~):
  
app/views/users/index.html.erb:46: syntax error, unexpected keyword_end, expecting end-of-input
Started GET "/users" for 10.0.2.2 at 2020-03-06 06:26:51 +0000
Processing by UsersController#index as HTML
  [1m[36mUser Load (0.6ms)[0m  [1m[34mSELECT  "users".* FROM "users" WHERE "users"."id" = ? ORDER BY "users"."id" ASC LIMIT ?[0m  [["id", 2], ["LIMIT", 1]]
  â†³ /var/lib/gems/2.5.0/gems/activerecord-5.2.4/lib/active_record/log_subscriber.rb:98
  Rendering users/index.html.erb within layouts/application
  Rendered users/index.html.erb within layouts/application (3.6ms)
Completed 500 Internal Server Error in 40ms (ActiveRecord: 0.6ms)


  
SyntaxError (/vagrant/submissions2/bookers-task4/app/views/users/index.html.erb:55: syntax error, unexpected keyword_ensure, expecting end-of-input
          ensure
          ^~~~~~):
  
app/views/users/index.html.erb:55: syntax error, unexpected keyword_ensure, expecting end-of-input
Started GET "/users" for 10.0.2.2 at 2020-03-06 06:26:58 +0000
Processing by UsersController#index as HTML
  [1m[36mUser Load (0.7ms)[0m  [1m[34mSELECT  "users".* FROM "users" WHERE "users"."id" = ? ORDER BY "users"."id" ASC LIMIT ?[0m  [["id", 2], ["LIMIT", 1]]
  â†³ /var/lib/gems/2.5.0/gems/activerecord-5.2.4/lib/active_record/log_subscriber.rb:98
  Rendering users/index.html.erb within layouts/application
  [1m[35m (0.7ms)[0m  [1m[34mSELECT COUNT(*) FROM "users" INNER JOIN "relationships" ON "users"."id" = "relationships"."following_id" WHERE "relationships"."follower_id" = ?[0m  [["follower_id", 2]]
  â†³ app/views/users/_profile.html.erb:16
  [1m[35m (0.3ms)[0m  [1m[34mSELECT COUNT(*) FROM "users" INNER JOIN "relationships" ON "users"."id" = "relationships"."follower_id" WHERE "relationships"."following_id" = ?[0m  [["following_id", 2]]
  â†³ app/views/users/_profile.html.erb:23
  Rendered users/_follow_form.html.erb (0.5ms)
  Rendered users/_profile.html.erb (14.9ms)
  Rendered books/_newform.html.erb (1.8ms)
  [1m[36mUser Load (0.6ms)[0m  [1m[34mSELECT "users".* FROM "users"[0m
  â†³ app/views/users/index.html.erb:24
  [1m[35m (0.7ms)[0m  [1m[34mSELECT COUNT(*) FROM "users" INNER JOIN "relationships" ON "users"."id" = "relationships"."following_id" WHERE "relationships"."follower_id" = ?[0m  [["follower_id", 1]]
  â†³ app/views/users/index.html.erb:28
  [1m[35m (0.8ms)[0m  [1m[34mSELECT COUNT(*) FROM "users" INNER JOIN "relationships" ON "users"."id" = "relationships"."follower_id" WHERE "relationships"."following_id" = ?[0m  [["following_id", 1]]
  â†³ app/views/users/index.html.erb:29
  [1m[36mRelationship Load (0.3ms)[0m  [1m[34mSELECT  "relationships".* FROM "relationships" WHERE "relationships"."follower_id" = ? AND "relationships"."following_id" = ? LIMIT ?[0m  [["follower_id", 2], ["following_id", 1], ["LIMIT", 1]]
  â†³ app/models/user.rb:20
  Rendered users/index.html.erb within layouts/application (216.6ms)
Completed 500 Internal Server Error in 239ms (ActiveRecord: 4.0ms)


  
ActionView::Template::Error (undefined method `user_relationships_path' for #<#<Class:0x000055e420ecb918>:0x00007ff47c7bb538>):
    30: 						<td>
    31: 							<% unless current_user?(user) %>
    32: 								<% if current_user.following?(user) %>
    33: 								   <%= link_to 'ãƒ•ã‚©ãƒ­ãƒ¼å¤–ã™', user_relationships_path(user.id), method: :delete %>
    34: 								 
    35: 
    36: 								<% else %>
  
app/views/users/index.html.erb:33:in `block in _app_views_users_index_html_erb__3955828326020789184_70344018616220'
app/views/users/index.html.erb:24:in `_app_views_users_index_html_erb__3955828326020789184_70344018616220'
