Started GET "/users" for 10.0.2.2 at 2020-03-06 07:18:01 +0000
  [1m[35m (0.6ms)[0m  [1m[34mSELECT "schema_migrations"."version" FROM "schema_migrations" ORDER BY "schema_migrations"."version" ASC[0m
  ↳ /var/lib/gems/2.5.0/gems/activerecord-5.2.4/lib/active_record/log_subscriber.rb:98
Processing by UsersController#index as HTML
  [1m[36mUser Load (1.5ms)[0m  [1m[34mSELECT  "users".* FROM "users" WHERE "users"."id" = ? ORDER BY "users"."id" ASC LIMIT ?[0m  [["id", 3], ["LIMIT", 1]]
  ↳ /var/lib/gems/2.5.0/gems/activerecord-5.2.4/lib/active_record/log_subscriber.rb:98
  Rendering users/index.html.erb within layouts/application
  [1m[35m (3.1ms)[0m  [1m[34mSELECT COUNT(*) FROM "users" INNER JOIN "relationships" ON "users"."id" = "relationships"."following_id" WHERE "relationships"."follower_id" = ?[0m  [["follower_id", 3]]
  ↳ app/views/users/_profile.html.erb:16
  [1m[35m (18.9ms)[0m  [1m[34mSELECT COUNT(*) FROM "users" INNER JOIN "relationships" ON "users"."id" = "relationships"."follower_id" WHERE "relationships"."following_id" = ?[0m  [["following_id", 3]]
  ↳ app/views/users/_profile.html.erb:23
  Rendered users/_follow_form.html.erb (0.9ms)
  Rendered users/_profile.html.erb (179.1ms)
  Rendered books/_newform.html.erb (23.7ms)
  [1m[36mUser Load (1.8ms)[0m  [1m[34mSELECT "users".* FROM "users"[0m
  ↳ app/views/users/index.html.erb:24
  [1m[35m (1.3ms)[0m  [1m[34mSELECT COUNT(*) FROM "users" INNER JOIN "relationships" ON "users"."id" = "relationships"."following_id" WHERE "relationships"."follower_id" = ?[0m  [["follower_id", 1]]
  ↳ app/views/users/index.html.erb:28
  [1m[35m (0.9ms)[0m  [1m[34mSELECT COUNT(*) FROM "users" INNER JOIN "relationships" ON "users"."id" = "relationships"."follower_id" WHERE "relationships"."following_id" = ?[0m  [["following_id", 1]]
  ↳ app/views/users/index.html.erb:29
  [1m[36mRelationship Load (0.7ms)[0m  [1m[34mSELECT  "relationships".* FROM "relationships" WHERE "relationships"."follower_id" = ? AND "relationships"."following_id" = ? LIMIT ?[0m  [["follower_id", 3], ["following_id", 1], ["LIMIT", 1]]
  ↳ app/models/user.rb:20
  [1m[35m (0.6ms)[0m  [1m[34mSELECT COUNT(*) FROM "users" INNER JOIN "relationships" ON "users"."id" = "relationships"."following_id" WHERE "relationships"."follower_id" = ?[0m  [["follower_id", 2]]
  ↳ app/views/users/index.html.erb:28
  [1m[35m (0.5ms)[0m  [1m[34mSELECT COUNT(*) FROM "users" INNER JOIN "relationships" ON "users"."id" = "relationships"."follower_id" WHERE "relationships"."following_id" = ?[0m  [["following_id", 2]]
  ↳ app/views/users/index.html.erb:29
  [1m[36mRelationship Load (0.6ms)[0m  [1m[34mSELECT  "relationships".* FROM "relationships" WHERE "relationships"."follower_id" = ? AND "relationships"."following_id" = ? LIMIT ?[0m  [["follower_id", 3], ["following_id", 2], ["LIMIT", 1]]
  ↳ app/models/user.rb:20
  [1m[36mCACHE Relationship Load (0.1ms)[0m  [1m[34mSELECT  "relationships".* FROM "relationships" WHERE "relationships"."follower_id" = ? AND "relationships"."following_id" = ? LIMIT ?[0m  [["follower_id", 3], ["following_id", 2], ["LIMIT", 1]]
  ↳ app/views/users/index.html.erb:37
  [1m[35mCACHE  (0.0ms)[0m  [1m[34mSELECT COUNT(*) FROM "users" INNER JOIN "relationships" ON "users"."id" = "relationships"."following_id" WHERE "relationships"."follower_id" = ?[0m  [["follower_id", 3]]
  ↳ app/views/users/index.html.erb:28
  [1m[35mCACHE  (0.1ms)[0m  [1m[34mSELECT COUNT(*) FROM "users" INNER JOIN "relationships" ON "users"."id" = "relationships"."follower_id" WHERE "relationships"."following_id" = ?[0m  [["following_id", 3]]
  ↳ app/views/users/index.html.erb:29
  Rendered users/index.html.erb within layouts/application (295.8ms)
Completed 200 OK in 1253ms (Views: 1119.5ms | ActiveRecord: 38.2ms)


Started DELETE "/relationships" for 10.0.2.2 at 2020-03-06 07:18:08 +0000
  
ActionController::RoutingError (No route matches [DELETE] "/relationships"):
  
actionpack (5.2.4) lib/action_dispatch/middleware/debug_exceptions.rb:65:in `call'
web-console (3.7.0) lib/web_console/middleware.rb:135:in `call_app'
web-console (3.7.0) lib/web_console/middleware.rb:30:in `block in call'
web-console (3.7.0) lib/web_console/middleware.rb:20:in `catch'
web-console (3.7.0) lib/web_console/middleware.rb:20:in `call'
actionpack (5.2.4) lib/action_dispatch/middleware/show_exceptions.rb:33:in `call'
railties (5.2.4) lib/rails/rack/logger.rb:38:in `call_app'
railties (5.2.4) lib/rails/rack/logger.rb:26:in `block in call'
activesupport (5.2.4) lib/active_support/tagged_logging.rb:71:in `block in tagged'
activesupport (5.2.4) lib/active_support/tagged_logging.rb:28:in `tagged'
activesupport (5.2.4) lib/active_support/tagged_logging.rb:71:in `tagged'
railties (5.2.4) lib/rails/rack/logger.rb:26:in `call'
sprockets-rails (3.2.1) lib/sprockets/rails/quiet_assets.rb:13:in `call'
actionpack (5.2.4) lib/action_dispatch/middleware/remote_ip.rb:81:in `call'
actionpack (5.2.4) lib/action_dispatch/middleware/request_id.rb:27:in `call'
rack (2.0.7) lib/rack/method_override.rb:22:in `call'
rack (2.0.7) lib/rack/runtime.rb:22:in `call'
activesupport (5.2.4) lib/active_support/cache/strategy/local_cache_middleware.rb:29:in `call'
actionpack (5.2.4) lib/action_dispatch/middleware/executor.rb:14:in `call'
actionpack (5.2.4) lib/action_dispatch/middleware/static.rb:127:in `call'
rack (2.0.7) lib/rack/sendfile.rb:111:in `call'
railties (5.2.4) lib/rails/engine.rb:524:in `call'
puma (3.12.2) lib/puma/configuration.rb:227:in `call'
puma (3.12.2) lib/puma/server.rb:674:in `handle_request'
puma (3.12.2) lib/puma/server.rb:476:in `process_client'
puma (3.12.2) lib/puma/server.rb:334:in `block in run'
puma (3.12.2) lib/puma/thread_pool.rb:135:in `block in spawn_thread'
